Copyright 1986-2022 Xilinx, Inc. All Rights Reserved.
------------------------------------------------------------------------------------
| Tool Version : Vivado v.2022.2 (lin64) Build 3671981 Fri Oct 14 04:59:54 MDT 2022
| Date         : Sun Feb 26 20:26:38 2023
| Host         : PDArch running 64-bit Arch Linux
| Command      : upgrade_ip
| Device       : xc7s15ftgb196-1
------------------------------------------------------------------------------------

Upgrade Log for IP 'Picture_R_Rom'

1. Summary
----------

SUCCESS in the upgrade of Picture_R_Rom (xilinx.com:ip:blk_mem_gen:8.4) from (Rev. 1) to (Rev. 5)






Copyright 1986-2022 Xilinx, Inc. All Rights Reserved.
------------------------------------------------------------------------------------
| Tool Version : Vivado v.2022.2 (lin64) Build 3671981 Fri Oct 14 04:59:54 MDT 2022
| Date         : Sun Feb 26 20:26:35 2023
| Host         : PDArch running 64-bit Arch Linux
| Command      : upgrade_ip
| Device       : xc7s15ftgb196-1
------------------------------------------------------------------------------------

Upgrade Log for IP 'Picture_G_Rom'

1. Summary
----------

SUCCESS in the upgrade of Picture_G_Rom (xilinx.com:ip:blk_mem_gen:8.4) from (Rev. 1) to (Rev. 5)






Copyright 1986-2022 Xilinx, Inc. All Rights Reserved.
------------------------------------------------------------------------------------
| Tool Version : Vivado v.2022.2 (lin64) Build 3671981 Fri Oct 14 04:59:54 MDT 2022
| Date         : Sun Feb 26 20:26:31 2023
| Host         : PDArch running 64-bit Arch Linux
| Command      : upgrade_ip
| Device       : xc7s15ftgb196-1
------------------------------------------------------------------------------------

Upgrade Log for IP 'Picture_B_Rom'

1. Summary
----------

SUCCESS in the upgrade of Picture_B_Rom (xilinx.com:ip:blk_mem_gen:8.4) from (Rev. 1) to (Rev. 5)






Copyright 1986-2022 Xilinx, Inc. All Rights Reserved.
------------------------------------------------------------------------------------
| Tool Version : Vivado v.2022.2 (lin64) Build 3671981 Fri Oct 14 04:59:54 MDT 2022
| Date         : Sun Feb 26 20:21:15 2023
| Host         : PDArch running 64-bit Arch Linux
| Command      : upgrade_ip
| Device       : xc7s15ftgb196-1
------------------------------------------------------------------------------------

Upgrade Log for IP 'clk_wiz_0'

1. Summary
----------

SUCCESS in the upgrade of clk_wiz_0 (xilinx.com:ip:clk_wiz:6.0) from (Rev. 1) to (Rev. 11)






Copyright 1986-2022 Xilinx, Inc. All Rights Reserved.
------------------------------------------------------------------------------------
| Tool Version : Vivado v.2022.2 (lin64) Build 3671981 Fri Oct 14 04:59:54 MDT 2022
| Date         : Fri Feb 24 00:55:50 2023
| Host         : PDArch running 64-bit Arch Linux
| Command      : upgrade_ip
| Device       : xc7s15ftgb196-1
------------------------------------------------------------------------------------

Upgrade Log for IP 'clk_wiz_0'

1. Summary
----------

SUCCESS in the upgrade of clk_wiz_0 (xilinx.com:ip:clk_wiz:6.0) from (Rev. 1) to (Rev. 11)






Copyright 1986-2022 Xilinx, Inc. All Rights Reserved.
------------------------------------------------------------------------------------
| Tool Version : Vivado v.2022.2 (lin64) Build 3671981 Fri Oct 14 04:59:54 MDT 2022
| Date         : Fri Feb 24 00:55:48 2023
| Host         : PDArch running 64-bit Arch Linux
| Command      : upgrade_ip
| Device       : xc7s15ftgb196-1
------------------------------------------------------------------------------------

Upgrade Log for IP 'Picture_R_Rom'

1. Summary
----------

SUCCESS in the upgrade of Picture_R_Rom (xilinx.com:ip:blk_mem_gen:8.4) from (Rev. 1) to (Rev. 5)






Copyright 1986-2022 Xilinx, Inc. All Rights Reserved.
------------------------------------------------------------------------------------
| Tool Version : Vivado v.2022.2 (lin64) Build 3671981 Fri Oct 14 04:59:54 MDT 2022
| Date         : Fri Feb 24 00:55:44 2023
| Host         : PDArch running 64-bit Arch Linux
| Command      : upgrade_ip
| Device       : xc7s15ftgb196-1
------------------------------------------------------------------------------------

Upgrade Log for IP 'Picture_G_Rom'

1. Summary
----------

SUCCESS in the upgrade of Picture_G_Rom (xilinx.com:ip:blk_mem_gen:8.4) from (Rev. 1) to (Rev. 5)






Copyright 1986-2022 Xilinx, Inc. All Rights Reserved.
------------------------------------------------------------------------------------
| Tool Version : Vivado v.2022.2 (lin64) Build 3671981 Fri Oct 14 04:59:54 MDT 2022
| Date         : Fri Feb 24 00:55:40 2023
| Host         : PDArch running 64-bit Arch Linux
| Command      : upgrade_ip
| Device       : xc7s15ftgb196-1
------------------------------------------------------------------------------------

Upgrade Log for IP 'Picture_B_Rom'

1. Summary
----------

SUCCESS in the upgrade of Picture_B_Rom (xilinx.com:ip:blk_mem_gen:8.4) from (Rev. 1) to (Rev. 5)






Copyright 1986-2022 Xilinx, Inc. All Rights Reserved.
------------------------------------------------------------------------------------
| Tool Version : Vivado v.2022.2 (lin64) Build 3671981 Fri Oct 14 04:59:54 MDT 2022
| Date         : Thu Feb 23 23:22:46 2023
| Host         : PDArch running 64-bit Arch Linux
| Command      : upgrade_ip
| Device       : xc7s15ftgb196-1
------------------------------------------------------------------------------------

Upgrade Log for IP 'clk_wiz_0'

1. Summary
----------

SUCCESS in the upgrade of clk_wiz_0 (xilinx.com:ip:clk_wiz:6.0) from (Rev. 1) to (Rev. 11)






Copyright 1986-2022 Xilinx, Inc. All Rights Reserved.
------------------------------------------------------------------------------------
| Tool Version : Vivado v.2022.2 (lin64) Build 3671981 Fri Oct 14 04:59:54 MDT 2022
| Date         : Thu Feb 23 23:22:45 2023
| Host         : PDArch running 64-bit Arch Linux
| Command      : upgrade_ip
| Device       : xc7s15ftgb196-1
------------------------------------------------------------------------------------

Upgrade Log for IP 'Picture_R_Rom'

1. Summary
----------

SUCCESS in the upgrade of Picture_R_Rom (xilinx.com:ip:blk_mem_gen:8.4) from (Rev. 1) to (Rev. 5)






Copyright 1986-2022 Xilinx, Inc. All Rights Reserved.
------------------------------------------------------------------------------------
| Tool Version : Vivado v.2022.2 (lin64) Build 3671981 Fri Oct 14 04:59:54 MDT 2022
| Date         : Thu Feb 23 23:22:41 2023
| Host         : PDArch running 64-bit Arch Linux
| Command      : upgrade_ip
| Device       : xc7s15ftgb196-1
------------------------------------------------------------------------------------

Upgrade Log for IP 'Picture_G_Rom'

1. Summary
----------

SUCCESS in the upgrade of Picture_G_Rom (xilinx.com:ip:blk_mem_gen:8.4) from (Rev. 1) to (Rev. 5)






Copyright 1986-2022 Xilinx, Inc. All Rights Reserved.
------------------------------------------------------------------------------------
| Tool Version : Vivado v.2022.2 (lin64) Build 3671981 Fri Oct 14 04:59:54 MDT 2022
| Date         : Thu Feb 23 23:22:38 2023
| Host         : PDArch running 64-bit Arch Linux
| Command      : upgrade_ip
| Device       : xc7s15ftgb196-1
------------------------------------------------------------------------------------

Upgrade Log for IP 'Picture_B_Rom'

1. Summary
----------

SUCCESS in the upgrade of Picture_B_Rom (xilinx.com:ip:blk_mem_gen:8.4) from (Rev. 1) to (Rev. 5)

