
*** Running vivado
    with args -log ila_0.vds -m64 -product Vivado -mode batch -messageDb vivado.pb -notrace -source ila_0.tcl


****** Vivado v2022.2 (64-bit)
  **** SW Build 3671981 on Fri Oct 14 04:59:54 MDT 2022
  **** IP Build 3669848 on Fri Oct 14 08:30:02 MDT 2022
    ** Copyright 1986-2022 Xilinx, Inc. All Rights Reserved.

source ila_0.tcl -notrace
INFO: [IP_Flow 19-234] Refreshing IP repositories
INFO: [IP_Flow 19-1700] Loaded user IP repository '/home/perinze/code/fpga/SEA/Examples/FPGA-IP'.
INFO: [IP_Flow 19-2313] Loaded Vivado IP repository '/opt/Xilinx/Vivado/2022.2/data/ip'.
INFO: [IP_Flow 19-6924] IPCACHE: Running cache check for IP inst: ila_0
Command: synth_design -top ila_0 -part xc7s15ftgb196-1 -incremental_mode off -mode out_of_context
Starting synth_design
Attempting to get a license for feature 'Synthesis' and/or device 'xc7s15'
INFO: [Common 17-349] Got license for feature 'Synthesis' and/or device 'xc7s15'
INFO: [Device 21-403] Loading part xc7s15ftgb196-1
INFO: [Synth 8-7079] Multithreading enabled for synth_design using a maximum of 4 processes.
INFO: [Synth 8-7078] Launching helper process for spawning children vivado processes
INFO: [Synth 8-7075] Helper process launched with PID 237343
INFO: [Synth 8-11241] undeclared symbol 'REGCCE', assumed default net type 'wire' [/opt/Xilinx/Vivado/2022.2/data/verilog/src/unimacro/BRAM_SINGLE_MACRO.v:2170]
INFO: [Synth 8-11241] undeclared symbol 'rddata_rst_i', assumed default net type 'wire' [/home/perinze/code/fpga/SEA/Examples/FPGA/4.Module-Interface/Mini-HDMI-Interface/HDMI_Demo/HDMI_Demo.gen/sources_1/ip/ila_0/hdl/xsdbm_v3_0_vl_rfs.v:2188]
INFO: [Synth 8-11241] undeclared symbol 'datard_overflow', assumed default net type 'wire' [/home/perinze/code/fpga/SEA/Examples/FPGA/4.Module-Interface/Mini-HDMI-Interface/HDMI_Demo/HDMI_Demo.gen/sources_1/ip/ila_0/hdl/xsdbm_v3_0_vl_rfs.v:2235]
INFO: [Synth 8-11241] undeclared symbol 'datard_underflow', assumed default net type 'wire' [/home/perinze/code/fpga/SEA/Examples/FPGA/4.Module-Interface/Mini-HDMI-Interface/HDMI_Demo/HDMI_Demo.gen/sources_1/ip/ila_0/hdl/xsdbm_v3_0_vl_rfs.v:2236]
INFO: [Synth 8-11241] undeclared symbol 'tms_int', assumed default net type 'wire' [/home/perinze/code/fpga/SEA/Examples/FPGA/4.Module-Interface/Mini-HDMI-Interface/HDMI_Demo/HDMI_Demo.gen/sources_1/ip/ila_0/hdl/xsdbm_v3_0_vl_rfs.v:6379]
INFO: [Synth 8-11241] undeclared symbol 'runtest_int', assumed default net type 'wire' [/home/perinze/code/fpga/SEA/Examples/FPGA/4.Module-Interface/Mini-HDMI-Interface/HDMI_Demo/HDMI_Demo.gen/sources_1/ip/ila_0/hdl/xsdbm_v3_0_vl_rfs.v:6381]
INFO: [Synth 8-11241] undeclared symbol 'tms_int', assumed default net type 'wire' [/home/perinze/code/fpga/SEA/Examples/FPGA/4.Module-Interface/Mini-HDMI-Interface/HDMI_Demo/HDMI_Demo.gen/sources_1/ip/ila_0/hdl/xsdbm_v3_0_vl_rfs.v:6412]
INFO: [Synth 8-11241] undeclared symbol 'runtest_int', assumed default net type 'wire' [/home/perinze/code/fpga/SEA/Examples/FPGA/4.Module-Interface/Mini-HDMI-Interface/HDMI_Demo/HDMI_Demo.gen/sources_1/ip/ila_0/hdl/xsdbm_v3_0_vl_rfs.v:6414]
INFO: [Synth 8-11241] undeclared symbol 'tms_int', assumed default net type 'wire' [/home/perinze/code/fpga/SEA/Examples/FPGA/4.Module-Interface/Mini-HDMI-Interface/HDMI_Demo/HDMI_Demo.gen/sources_1/ip/ila_0/hdl/xsdbm_v3_0_vl_rfs.v:6447]
INFO: [Synth 8-11241] undeclared symbol 'runtest_int', assumed default net type 'wire' [/home/perinze/code/fpga/SEA/Examples/FPGA/4.Module-Interface/Mini-HDMI-Interface/HDMI_Demo/HDMI_Demo.gen/sources_1/ip/ila_0/hdl/xsdbm_v3_0_vl_rfs.v:6449]
INFO: [Synth 8-11241] undeclared symbol 'tms_int', assumed default net type 'wire' [/home/perinze/code/fpga/SEA/Examples/FPGA/4.Module-Interface/Mini-HDMI-Interface/HDMI_Demo/HDMI_Demo.gen/sources_1/ip/ila_0/hdl/verilog/xsdbm_v3_0_0_bs_core_ext.vh:30]
INFO: [Synth 8-11241] undeclared symbol 'runtest_int', assumed default net type 'wire' [/home/perinze/code/fpga/SEA/Examples/FPGA/4.Module-Interface/Mini-HDMI-Interface/HDMI_Demo/HDMI_Demo.gen/sources_1/ip/ila_0/hdl/verilog/xsdbm_v3_0_0_bs_core_ext.vh:32]
INFO: [Synth 8-11241] undeclared symbol 'tms_int', assumed default net type 'wire' [/home/perinze/code/fpga/SEA/Examples/FPGA/4.Module-Interface/Mini-HDMI-Interface/HDMI_Demo/HDMI_Demo.gen/sources_1/ip/ila_0/hdl/verilog/xsdbm_v3_0_0_bs_core_ext.vh:69]
INFO: [Synth 8-11241] undeclared symbol 'runtest_int', assumed default net type 'wire' [/home/perinze/code/fpga/SEA/Examples/FPGA/4.Module-Interface/Mini-HDMI-Interface/HDMI_Demo/HDMI_Demo.gen/sources_1/ip/ila_0/hdl/verilog/xsdbm_v3_0_0_bs_core_ext.vh:71]
INFO: [Synth 8-11241] undeclared symbol 'tms_int', assumed default net type 'wire' [/home/perinze/code/fpga/SEA/Examples/FPGA/4.Module-Interface/Mini-HDMI-Interface/HDMI_Demo/HDMI_Demo.gen/sources_1/ip/ila_0/hdl/verilog/xsdbm_v3_0_0_bs_core_ext.vh:109]
INFO: [Synth 8-11241] undeclared symbol 'runtest_int', assumed default net type 'wire' [/home/perinze/code/fpga/SEA/Examples/FPGA/4.Module-Interface/Mini-HDMI-Interface/HDMI_Demo/HDMI_Demo.gen/sources_1/ip/ila_0/hdl/verilog/xsdbm_v3_0_0_bs_core_ext.vh:111]
INFO: [Synth 8-11241] undeclared symbol 'tms_int', assumed default net type 'wire' [/home/perinze/code/fpga/SEA/Examples/FPGA/4.Module-Interface/Mini-HDMI-Interface/HDMI_Demo/HDMI_Demo.gen/sources_1/ip/ila_0/hdl/verilog/xsdbm_v3_0_0_bs_core_ext.vh:150]
INFO: [Synth 8-11241] undeclared symbol 'runtest_int', assumed default net type 'wire' [/home/perinze/code/fpga/SEA/Examples/FPGA/4.Module-Interface/Mini-HDMI-Interface/HDMI_Demo/HDMI_Demo.gen/sources_1/ip/ila_0/hdl/verilog/xsdbm_v3_0_0_bs_core_ext.vh:152]
INFO: [Synth 8-11241] undeclared symbol 'tms_int', assumed default net type 'wire' [/home/perinze/code/fpga/SEA/Examples/FPGA/4.Module-Interface/Mini-HDMI-Interface/HDMI_Demo/HDMI_Demo.gen/sources_1/ip/ila_0/hdl/verilog/xsdbm_v3_0_0_bs_core_ext.vh:192]
INFO: [Synth 8-11241] undeclared symbol 'runtest_int', assumed default net type 'wire' [/home/perinze/code/fpga/SEA/Examples/FPGA/4.Module-Interface/Mini-HDMI-Interface/HDMI_Demo/HDMI_Demo.gen/sources_1/ip/ila_0/hdl/verilog/xsdbm_v3_0_0_bs_core_ext.vh:194]
INFO: [Synth 8-11241] undeclared symbol 'tms_int', assumed default net type 'wire' [/home/perinze/code/fpga/SEA/Examples/FPGA/4.Module-Interface/Mini-HDMI-Interface/HDMI_Demo/HDMI_Demo.gen/sources_1/ip/ila_0/hdl/verilog/xsdbm_v3_0_0_bs_core_ext.vh:235]
INFO: [Synth 8-11241] undeclared symbol 'runtest_int', assumed default net type 'wire' [/home/perinze/code/fpga/SEA/Examples/FPGA/4.Module-Interface/Mini-HDMI-Interface/HDMI_Demo/HDMI_Demo.gen/sources_1/ip/ila_0/hdl/verilog/xsdbm_v3_0_0_bs_core_ext.vh:237]
INFO: [Synth 8-11241] undeclared symbol 'tms_int', assumed default net type 'wire' [/home/perinze/code/fpga/SEA/Examples/FPGA/4.Module-Interface/Mini-HDMI-Interface/HDMI_Demo/HDMI_Demo.gen/sources_1/ip/ila_0/hdl/verilog/xsdbm_v3_0_0_bs_core_ext.vh:279]
INFO: [Synth 8-11241] undeclared symbol 'runtest_int', assumed default net type 'wire' [/home/perinze/code/fpga/SEA/Examples/FPGA/4.Module-Interface/Mini-HDMI-Interface/HDMI_Demo/HDMI_Demo.gen/sources_1/ip/ila_0/hdl/verilog/xsdbm_v3_0_0_bs_core_ext.vh:281]
INFO: [Synth 8-11241] undeclared symbol 'tms_int', assumed default net type 'wire' [/home/perinze/code/fpga/SEA/Examples/FPGA/4.Module-Interface/Mini-HDMI-Interface/HDMI_Demo/HDMI_Demo.gen/sources_1/ip/ila_0/hdl/verilog/xsdbm_v3_0_0_bs_core_ext.vh:324]
INFO: [Synth 8-11241] undeclared symbol 'runtest_int', assumed default net type 'wire' [/home/perinze/code/fpga/SEA/Examples/FPGA/4.Module-Interface/Mini-HDMI-Interface/HDMI_Demo/HDMI_Demo.gen/sources_1/ip/ila_0/hdl/verilog/xsdbm_v3_0_0_bs_core_ext.vh:326]
INFO: [Synth 8-11241] undeclared symbol 'tms_int', assumed default net type 'wire' [/home/perinze/code/fpga/SEA/Examples/FPGA/4.Module-Interface/Mini-HDMI-Interface/HDMI_Demo/HDMI_Demo.gen/sources_1/ip/ila_0/hdl/verilog/xsdbm_v3_0_0_bs_core_ext.vh:370]
INFO: [Synth 8-11241] undeclared symbol 'runtest_int', assumed default net type 'wire' [/home/perinze/code/fpga/SEA/Examples/FPGA/4.Module-Interface/Mini-HDMI-Interface/HDMI_Demo/HDMI_Demo.gen/sources_1/ip/ila_0/hdl/verilog/xsdbm_v3_0_0_bs_core_ext.vh:372]
INFO: [Synth 8-11241] undeclared symbol 'tms_int', assumed default net type 'wire' [/home/perinze/code/fpga/SEA/Examples/FPGA/4.Module-Interface/Mini-HDMI-Interface/HDMI_Demo/HDMI_Demo.gen/sources_1/ip/ila_0/hdl/verilog/xsdbm_v3_0_0_bs_core_ext.vh:417]
INFO: [Synth 8-11241] undeclared symbol 'runtest_int', assumed default net type 'wire' [/home/perinze/code/fpga/SEA/Examples/FPGA/4.Module-Interface/Mini-HDMI-Interface/HDMI_Demo/HDMI_Demo.gen/sources_1/ip/ila_0/hdl/verilog/xsdbm_v3_0_0_bs_core_ext.vh:419]
INFO: [Synth 8-11241] undeclared symbol 'tms_int', assumed default net type 'wire' [/home/perinze/code/fpga/SEA/Examples/FPGA/4.Module-Interface/Mini-HDMI-Interface/HDMI_Demo/HDMI_Demo.gen/sources_1/ip/ila_0/hdl/verilog/xsdbm_v3_0_0_bs_core_ext.vh:465]
INFO: [Synth 8-11241] undeclared symbol 'runtest_int', assumed default net type 'wire' [/home/perinze/code/fpga/SEA/Examples/FPGA/4.Module-Interface/Mini-HDMI-Interface/HDMI_Demo/HDMI_Demo.gen/sources_1/ip/ila_0/hdl/verilog/xsdbm_v3_0_0_bs_core_ext.vh:467]
INFO: [Synth 8-11241] undeclared symbol 'tms_int', assumed default net type 'wire' [/home/perinze/code/fpga/SEA/Examples/FPGA/4.Module-Interface/Mini-HDMI-Interface/HDMI_Demo/HDMI_Demo.gen/sources_1/ip/ila_0/hdl/verilog/xsdbm_v3_0_0_bs_core_ext.vh:514]
INFO: [Synth 8-11241] undeclared symbol 'runtest_int', assumed default net type 'wire' [/home/perinze/code/fpga/SEA/Examples/FPGA/4.Module-Interface/Mini-HDMI-Interface/HDMI_Demo/HDMI_Demo.gen/sources_1/ip/ila_0/hdl/verilog/xsdbm_v3_0_0_bs_core_ext.vh:516]
INFO: [Synth 8-11241] undeclared symbol 'tms_int', assumed default net type 'wire' [/home/perinze/code/fpga/SEA/Examples/FPGA/4.Module-Interface/Mini-HDMI-Interface/HDMI_Demo/HDMI_Demo.gen/sources_1/ip/ila_0/hdl/verilog/xsdbm_v3_0_0_bs_core_ext.vh:564]
INFO: [Synth 8-11241] undeclared symbol 'runtest_int', assumed default net type 'wire' [/home/perinze/code/fpga/SEA/Examples/FPGA/4.Module-Interface/Mini-HDMI-Interface/HDMI_Demo/HDMI_Demo.gen/sources_1/ip/ila_0/hdl/verilog/xsdbm_v3_0_0_bs_core_ext.vh:566]
INFO: [Synth 8-11241] undeclared symbol 'tms_int', assumed default net type 'wire' [/home/perinze/code/fpga/SEA/Examples/FPGA/4.Module-Interface/Mini-HDMI-Interface/HDMI_Demo/HDMI_Demo.gen/sources_1/ip/ila_0/hdl/verilog/xsdbm_v3_0_0_bs_core_ext.vh:615]
INFO: [Synth 8-11241] undeclared symbol 'runtest_int', assumed default net type 'wire' [/home/perinze/code/fpga/SEA/Examples/FPGA/4.Module-Interface/Mini-HDMI-Interface/HDMI_Demo/HDMI_Demo.gen/sources_1/ip/ila_0/hdl/verilog/xsdbm_v3_0_0_bs_core_ext.vh:617]
INFO: [Synth 8-11241] undeclared symbol 'tms_int', assumed default net type 'wire' [/home/perinze/code/fpga/SEA/Examples/FPGA/4.Module-Interface/Mini-HDMI-Interface/HDMI_Demo/HDMI_Demo.gen/sources_1/ip/ila_0/hdl/xsdbm_v3_0_vl_rfs.v:6554]
INFO: [Synth 8-11241] undeclared symbol 'runtest_int', assumed default net type 'wire' [/home/perinze/code/fpga/SEA/Examples/FPGA/4.Module-Interface/Mini-HDMI-Interface/HDMI_Demo/HDMI_Demo.gen/sources_1/ip/ila_0/hdl/xsdbm_v3_0_vl_rfs.v:6556]
INFO: [Synth 8-11241] undeclared symbol 'tms_int', assumed default net type 'wire' [/home/perinze/code/fpga/SEA/Examples/FPGA/4.Module-Interface/Mini-HDMI-Interface/HDMI_Demo/HDMI_Demo.gen/sources_1/ip/ila_0/hdl/xsdbm_v3_0_vl_rfs.v:6589]
INFO: [Synth 8-11241] undeclared symbol 'runtest_int', assumed default net type 'wire' [/home/perinze/code/fpga/SEA/Examples/FPGA/4.Module-Interface/Mini-HDMI-Interface/HDMI_Demo/HDMI_Demo.gen/sources_1/ip/ila_0/hdl/xsdbm_v3_0_vl_rfs.v:6591]
INFO: [Synth 8-11241] undeclared symbol 'tms_int', assumed default net type 'wire' [/home/perinze/code/fpga/SEA/Examples/FPGA/4.Module-Interface/Mini-HDMI-Interface/HDMI_Demo/HDMI_Demo.gen/sources_1/ip/ila_0/hdl/verilog/xsdbm_v3_0_0_bs_core.vh:30]
INFO: [Synth 8-11241] undeclared symbol 'runtest_int', assumed default net type 'wire' [/home/perinze/code/fpga/SEA/Examples/FPGA/4.Module-Interface/Mini-HDMI-Interface/HDMI_Demo/HDMI_Demo.gen/sources_1/ip/ila_0/hdl/verilog/xsdbm_v3_0_0_bs_core.vh:32]
INFO: [Synth 8-11241] undeclared symbol 'tms_int', assumed default net type 'wire' [/home/perinze/code/fpga/SEA/Examples/FPGA/4.Module-Interface/Mini-HDMI-Interface/HDMI_Demo/HDMI_Demo.gen/sources_1/ip/ila_0/hdl/verilog/xsdbm_v3_0_0_bs_core.vh:69]
INFO: [Synth 8-11241] undeclared symbol 'runtest_int', assumed default net type 'wire' [/home/perinze/code/fpga/SEA/Examples/FPGA/4.Module-Interface/Mini-HDMI-Interface/HDMI_Demo/HDMI_Demo.gen/sources_1/ip/ila_0/hdl/verilog/xsdbm_v3_0_0_bs_core.vh:71]
INFO: [Synth 8-11241] undeclared symbol 'tms_int', assumed default net type 'wire' [/home/perinze/code/fpga/SEA/Examples/FPGA/4.Module-Interface/Mini-HDMI-Interface/HDMI_Demo/HDMI_Demo.gen/sources_1/ip/ila_0/hdl/verilog/xsdbm_v3_0_0_bs_core.vh:109]
INFO: [Synth 8-11241] undeclared symbol 'runtest_int', assumed default net type 'wire' [/home/perinze/code/fpga/SEA/Examples/FPGA/4.Module-Interface/Mini-HDMI-Interface/HDMI_Demo/HDMI_Demo.gen/sources_1/ip/ila_0/hdl/verilog/xsdbm_v3_0_0_bs_core.vh:111]
INFO: [Synth 8-11241] undeclared symbol 'tms_int', assumed default net type 'wire' [/home/perinze/code/fpga/SEA/Examples/FPGA/4.Module-Interface/Mini-HDMI-Interface/HDMI_Demo/HDMI_Demo.gen/sources_1/ip/ila_0/hdl/verilog/xsdbm_v3_0_0_bs_core.vh:150]
INFO: [Synth 8-11241] undeclared symbol 'runtest_int', assumed default net type 'wire' [/home/perinze/code/fpga/SEA/Examples/FPGA/4.Module-Interface/Mini-HDMI-Interface/HDMI_Demo/HDMI_Demo.gen/sources_1/ip/ila_0/hdl/verilog/xsdbm_v3_0_0_bs_core.vh:152]
INFO: [Synth 8-11241] undeclared symbol 'tms_int', assumed default net type 'wire' [/home/perinze/code/fpga/SEA/Examples/FPGA/4.Module-Interface/Mini-HDMI-Interface/HDMI_Demo/HDMI_Demo.gen/sources_1/ip/ila_0/hdl/verilog/xsdbm_v3_0_0_bs_core.vh:192]
INFO: [Synth 8-11241] undeclared symbol 'runtest_int', assumed default net type 'wire' [/home/perinze/code/fpga/SEA/Examples/FPGA/4.Module-Interface/Mini-HDMI-Interface/HDMI_Demo/HDMI_Demo.gen/sources_1/ip/ila_0/hdl/verilog/xsdbm_v3_0_0_bs_core.vh:194]
INFO: [Synth 8-11241] undeclared symbol 'tms_int', assumed default net type 'wire' [/home/perinze/code/fpga/SEA/Examples/FPGA/4.Module-Interface/Mini-HDMI-Interface/HDMI_Demo/HDMI_Demo.gen/sources_1/ip/ila_0/hdl/verilog/xsdbm_v3_0_0_bs_core.vh:235]
INFO: [Synth 8-11241] undeclared symbol 'runtest_int', assumed default net type 'wire' [/home/perinze/code/fpga/SEA/Examples/FPGA/4.Module-Interface/Mini-HDMI-Interface/HDMI_Demo/HDMI_Demo.gen/sources_1/ip/ila_0/hdl/verilog/xsdbm_v3_0_0_bs_core.vh:237]
INFO: [Synth 8-11241] undeclared symbol 'tms_int', assumed default net type 'wire' [/home/perinze/code/fpga/SEA/Examples/FPGA/4.Module-Interface/Mini-HDMI-Interface/HDMI_Demo/HDMI_Demo.gen/sources_1/ip/ila_0/hdl/verilog/xsdbm_v3_0_0_bs_core.vh:279]
INFO: [Synth 8-11241] undeclared symbol 'runtest_int', assumed default net type 'wire' [/home/perinze/code/fpga/SEA/Examples/FPGA/4.Module-Interface/Mini-HDMI-Interface/HDMI_Demo/HDMI_Demo.gen/sources_1/ip/ila_0/hdl/verilog/xsdbm_v3_0_0_bs_core.vh:281]
INFO: [Synth 8-11241] undeclared symbol 'tms_int', assumed default net type 'wire' [/home/perinze/code/fpga/SEA/Examples/FPGA/4.Module-Interface/Mini-HDMI-Interface/HDMI_Demo/HDMI_Demo.gen/sources_1/ip/ila_0/hdl/verilog/xsdbm_v3_0_0_bs_core.vh:324]
INFO: [Synth 8-11241] undeclared symbol 'runtest_int', assumed default net type 'wire' [/home/perinze/code/fpga/SEA/Examples/FPGA/4.Module-Interface/Mini-HDMI-Interface/HDMI_Demo/HDMI_Demo.gen/sources_1/ip/ila_0/hdl/verilog/xsdbm_v3_0_0_bs_core.vh:326]
INFO: [Synth 8-11241] undeclared symbol 'tms_int', assumed default net type 'wire' [/home/perinze/code/fpga/SEA/Examples/FPGA/4.Module-Interface/Mini-HDMI-Interface/HDMI_Demo/HDMI_Demo.gen/sources_1/ip/ila_0/hdl/verilog/xsdbm_v3_0_0_bs_core.vh:370]
INFO: [Synth 8-11241] undeclared symbol 'runtest_int', assumed default net type 'wire' [/home/perinze/code/fpga/SEA/Examples/FPGA/4.Module-Interface/Mini-HDMI-Interface/HDMI_Demo/HDMI_Demo.gen/sources_1/ip/ila_0/hdl/verilog/xsdbm_v3_0_0_bs_core.vh:372]
INFO: [Synth 8-11241] undeclared symbol 'tms_int', assumed default net type 'wire' [/home/perinze/code/fpga/SEA/Examples/FPGA/4.Module-Interface/Mini-HDMI-Interface/HDMI_Demo/HDMI_Demo.gen/sources_1/ip/ila_0/hdl/verilog/xsdbm_v3_0_0_bs_core.vh:417]
INFO: [Synth 8-11241] undeclared symbol 'runtest_int', assumed default net type 'wire' [/home/perinze/code/fpga/SEA/Examples/FPGA/4.Module-Interface/Mini-HDMI-Interface/HDMI_Demo/HDMI_Demo.gen/sources_1/ip/ila_0/hdl/verilog/xsdbm_v3_0_0_bs_core.vh:419]
INFO: [Synth 8-11241] undeclared symbol 'tms_int', assumed default net type 'wire' [/home/perinze/code/fpga/SEA/Examples/FPGA/4.Module-Interface/Mini-HDMI-Interface/HDMI_Demo/HDMI_Demo.gen/sources_1/ip/ila_0/hdl/verilog/xsdbm_v3_0_0_bs_core.vh:465]
INFO: [Synth 8-11241] undeclared symbol 'runtest_int', assumed default net type 'wire' [/home/perinze/code/fpga/SEA/Examples/FPGA/4.Module-Interface/Mini-HDMI-Interface/HDMI_Demo/HDMI_Demo.gen/sources_1/ip/ila_0/hdl/verilog/xsdbm_v3_0_0_bs_core.vh:467]
INFO: [Synth 8-11241] undeclared symbol 'tms_int', assumed default net type 'wire' [/home/perinze/code/fpga/SEA/Examples/FPGA/4.Module-Interface/Mini-HDMI-Interface/HDMI_Demo/HDMI_Demo.gen/sources_1/ip/ila_0/hdl/verilog/xsdbm_v3_0_0_bs_core.vh:514]
INFO: [Synth 8-11241] undeclared symbol 'runtest_int', assumed default net type 'wire' [/home/perinze/code/fpga/SEA/Examples/FPGA/4.Module-Interface/Mini-HDMI-Interface/HDMI_Demo/HDMI_Demo.gen/sources_1/ip/ila_0/hdl/verilog/xsdbm_v3_0_0_bs_core.vh:516]
INFO: [Synth 8-11241] undeclared symbol 'tms_int', assumed default net type 'wire' [/home/perinze/code/fpga/SEA/Examples/FPGA/4.Module-Interface/Mini-HDMI-Interface/HDMI_Demo/HDMI_Demo.gen/sources_1/ip/ila_0/hdl/verilog/xsdbm_v3_0_0_bs_core.vh:564]
INFO: [Synth 8-11241] undeclared symbol 'runtest_int', assumed default net type 'wire' [/home/perinze/code/fpga/SEA/Examples/FPGA/4.Module-Interface/Mini-HDMI-Interface/HDMI_Demo/HDMI_Demo.gen/sources_1/ip/ila_0/hdl/verilog/xsdbm_v3_0_0_bs_core.vh:566]
INFO: [Synth 8-11241] undeclared symbol 'tms_int', assumed default net type 'wire' [/home/perinze/code/fpga/SEA/Examples/FPGA/4.Module-Interface/Mini-HDMI-Interface/HDMI_Demo/HDMI_Demo.gen/sources_1/ip/ila_0/hdl/verilog/xsdbm_v3_0_0_bs_core.vh:615]
INFO: [Synth 8-11241] undeclared symbol 'runtest_int', assumed default net type 'wire' [/home/perinze/code/fpga/SEA/Examples/FPGA/4.Module-Interface/Mini-HDMI-Interface/HDMI_Demo/HDMI_Demo.gen/sources_1/ip/ila_0/hdl/verilog/xsdbm_v3_0_0_bs_core.vh:617]
INFO: [Synth 8-11241] undeclared symbol 'tms_int', assumed default net type 'wire' [/home/perinze/code/fpga/SEA/Examples/FPGA/4.Module-Interface/Mini-HDMI-Interface/HDMI_Demo/HDMI_Demo.gen/sources_1/ip/ila_0/hdl/xsdbm_v3_0_vl_rfs.v:10347]
INFO: [Synth 8-11241] undeclared symbol 'runtest_int', assumed default net type 'wire' [/home/perinze/code/fpga/SEA/Examples/FPGA/4.Module-Interface/Mini-HDMI-Interface/HDMI_Demo/HDMI_Demo.gen/sources_1/ip/ila_0/hdl/xsdbm_v3_0_vl_rfs.v:10349]
INFO: [Synth 8-11241] undeclared symbol 'tms_int', assumed default net type 'wire' [/home/perinze/code/fpga/SEA/Examples/FPGA/4.Module-Interface/Mini-HDMI-Interface/HDMI_Demo/HDMI_Demo.gen/sources_1/ip/ila_0/hdl/xsdbm_v3_0_vl_rfs.v:10380]
INFO: [Synth 8-11241] undeclared symbol 'runtest_int', assumed default net type 'wire' [/home/perinze/code/fpga/SEA/Examples/FPGA/4.Module-Interface/Mini-HDMI-Interface/HDMI_Demo/HDMI_Demo.gen/sources_1/ip/ila_0/hdl/xsdbm_v3_0_vl_rfs.v:10382]
INFO: [Synth 8-11241] undeclared symbol 'tms_int', assumed default net type 'wire' [/home/perinze/code/fpga/SEA/Examples/FPGA/4.Module-Interface/Mini-HDMI-Interface/HDMI_Demo/HDMI_Demo.gen/sources_1/ip/ila_0/hdl/xsdbm_v3_0_vl_rfs.v:10413]
INFO: [Synth 8-11241] undeclared symbol 'runtest_int', assumed default net type 'wire' [/home/perinze/code/fpga/SEA/Examples/FPGA/4.Module-Interface/Mini-HDMI-Interface/HDMI_Demo/HDMI_Demo.gen/sources_1/ip/ila_0/hdl/xsdbm_v3_0_vl_rfs.v:10415]
INFO: [Synth 8-11241] undeclared symbol 'tms_int', assumed default net type 'wire' [/home/perinze/code/fpga/SEA/Examples/FPGA/4.Module-Interface/Mini-HDMI-Interface/HDMI_Demo/HDMI_Demo.gen/sources_1/ip/ila_0/hdl/verilog/xsdbm_v3_0_0_bs_core_vec.vh:30]
INFO: [Synth 8-11241] undeclared symbol 'runtest_int', assumed default net type 'wire' [/home/perinze/code/fpga/SEA/Examples/FPGA/4.Module-Interface/Mini-HDMI-Interface/HDMI_Demo/HDMI_Demo.gen/sources_1/ip/ila_0/hdl/verilog/xsdbm_v3_0_0_bs_core_vec.vh:32]
INFO: [Synth 8-11241] undeclared symbol 'tms_int', assumed default net type 'wire' [/home/perinze/code/fpga/SEA/Examples/FPGA/4.Module-Interface/Mini-HDMI-Interface/HDMI_Demo/HDMI_Demo.gen/sources_1/ip/ila_0/hdl/verilog/xsdbm_v3_0_0_bs_core_vec.vh:65]
INFO: [Synth 8-11241] undeclared symbol 'runtest_int', assumed default net type 'wire' [/home/perinze/code/fpga/SEA/Examples/FPGA/4.Module-Interface/Mini-HDMI-Interface/HDMI_Demo/HDMI_Demo.gen/sources_1/ip/ila_0/hdl/verilog/xsdbm_v3_0_0_bs_core_vec.vh:67]
INFO: [Synth 8-11241] undeclared symbol 'tms_int', assumed default net type 'wire' [/home/perinze/code/fpga/SEA/Examples/FPGA/4.Module-Interface/Mini-HDMI-Interface/HDMI_Demo/HDMI_Demo.gen/sources_1/ip/ila_0/hdl/verilog/xsdbm_v3_0_0_bs_core_vec.vh:100]
INFO: [Synth 8-11241] undeclared symbol 'runtest_int', assumed default net type 'wire' [/home/perinze/code/fpga/SEA/Examples/FPGA/4.Module-Interface/Mini-HDMI-Interface/HDMI_Demo/HDMI_Demo.gen/sources_1/ip/ila_0/hdl/verilog/xsdbm_v3_0_0_bs_core_vec.vh:102]
INFO: [Synth 8-11241] undeclared symbol 'tms_int', assumed default net type 'wire' [/home/perinze/code/fpga/SEA/Examples/FPGA/4.Module-Interface/Mini-HDMI-Interface/HDMI_Demo/HDMI_Demo.gen/sources_1/ip/ila_0/hdl/verilog/xsdbm_v3_0_0_bs_core_vec.vh:135]
INFO: [Synth 8-11241] undeclared symbol 'runtest_int', assumed default net type 'wire' [/home/perinze/code/fpga/SEA/Examples/FPGA/4.Module-Interface/Mini-HDMI-Interface/HDMI_Demo/HDMI_Demo.gen/sources_1/ip/ila_0/hdl/verilog/xsdbm_v3_0_0_bs_core_vec.vh:137]
INFO: [Synth 8-11241] undeclared symbol 'tms_int', assumed default net type 'wire' [/home/perinze/code/fpga/SEA/Examples/FPGA/4.Module-Interface/Mini-HDMI-Interface/HDMI_Demo/HDMI_Demo.gen/sources_1/ip/ila_0/hdl/verilog/xsdbm_v3_0_0_bs_core_vec.vh:170]
INFO: [Synth 8-11241] undeclared symbol 'runtest_int', assumed default net type 'wire' [/home/perinze/code/fpga/SEA/Examples/FPGA/4.Module-Interface/Mini-HDMI-Interface/HDMI_Demo/HDMI_Demo.gen/sources_1/ip/ila_0/hdl/verilog/xsdbm_v3_0_0_bs_core_vec.vh:172]
INFO: [Synth 8-11241] undeclared symbol 'tms_int', assumed default net type 'wire' [/home/perinze/code/fpga/SEA/Examples/FPGA/4.Module-Interface/Mini-HDMI-Interface/HDMI_Demo/HDMI_Demo.gen/sources_1/ip/ila_0/hdl/verilog/xsdbm_v3_0_0_bs_core_vec.vh:205]
INFO: [Synth 8-11241] undeclared symbol 'runtest_int', assumed default net type 'wire' [/home/perinze/code/fpga/SEA/Examples/FPGA/4.Module-Interface/Mini-HDMI-Interface/HDMI_Demo/HDMI_Demo.gen/sources_1/ip/ila_0/hdl/verilog/xsdbm_v3_0_0_bs_core_vec.vh:207]
INFO: [Synth 8-11241] undeclared symbol 'tms_int', assumed default net type 'wire' [/home/perinze/code/fpga/SEA/Examples/FPGA/4.Module-Interface/Mini-HDMI-Interface/HDMI_Demo/HDMI_Demo.gen/sources_1/ip/ila_0/hdl/verilog/xsdbm_v3_0_0_bs_core_vec.vh:240]
INFO: [Synth 8-11241] undeclared symbol 'runtest_int', assumed default net type 'wire' [/home/perinze/code/fpga/SEA/Examples/FPGA/4.Module-Interface/Mini-HDMI-Interface/HDMI_Demo/HDMI_Demo.gen/sources_1/ip/ila_0/hdl/verilog/xsdbm_v3_0_0_bs_core_vec.vh:242]
INFO: [Synth 8-11241] undeclared symbol 'tms_int', assumed default net type 'wire' [/home/perinze/code/fpga/SEA/Examples/FPGA/4.Module-Interface/Mini-HDMI-Interface/HDMI_Demo/HDMI_Demo.gen/sources_1/ip/ila_0/hdl/verilog/xsdbm_v3_0_0_bs_core_vec.vh:275]
INFO: [Synth 8-11241] undeclared symbol 'runtest_int', assumed default net type 'wire' [/home/perinze/code/fpga/SEA/Examples/FPGA/4.Module-Interface/Mini-HDMI-Interface/HDMI_Demo/HDMI_Demo.gen/sources_1/ip/ila_0/hdl/verilog/xsdbm_v3_0_0_bs_core_vec.vh:277]
INFO: [Synth 8-11241] undeclared symbol 'tms_int', assumed default net type 'wire' [/home/perinze/code/fpga/SEA/Examples/FPGA/4.Module-Interface/Mini-HDMI-Interface/HDMI_Demo/HDMI_Demo.gen/sources_1/ip/ila_0/hdl/verilog/xsdbm_v3_0_0_bs_core_vec.vh:310]
INFO: [Synth 8-11241] undeclared symbol 'runtest_int', assumed default net type 'wire' [/home/perinze/code/fpga/SEA/Examples/FPGA/4.Module-Interface/Mini-HDMI-Interface/HDMI_Demo/HDMI_Demo.gen/sources_1/ip/ila_0/hdl/verilog/xsdbm_v3_0_0_bs_core_vec.vh:312]
INFO: [Synth 8-11241] undeclared symbol 'tms_int', assumed default net type 'wire' [/home/perinze/code/fpga/SEA/Examples/FPGA/4.Module-Interface/Mini-HDMI-Interface/HDMI_Demo/HDMI_Demo.gen/sources_1/ip/ila_0/hdl/verilog/xsdbm_v3_0_0_bs_core_vec.vh:345]
INFO: [Synth 8-11241] undeclared symbol 'runtest_int', assumed default net type 'wire' [/home/perinze/code/fpga/SEA/Examples/FPGA/4.Module-Interface/Mini-HDMI-Interface/HDMI_Demo/HDMI_Demo.gen/sources_1/ip/ila_0/hdl/verilog/xsdbm_v3_0_0_bs_core_vec.vh:347]
INFO: [Synth 8-11241] undeclared symbol 'tms_int', assumed default net type 'wire' [/home/perinze/code/fpga/SEA/Examples/FPGA/4.Module-Interface/Mini-HDMI-Interface/HDMI_Demo/HDMI_Demo.gen/sources_1/ip/ila_0/hdl/verilog/xsdbm_v3_0_0_bs_core_vec.vh:380]
INFO: [Synth 8-11241] undeclared symbol 'runtest_int', assumed default net type 'wire' [/home/perinze/code/fpga/SEA/Examples/FPGA/4.Module-Interface/Mini-HDMI-Interface/HDMI_Demo/HDMI_Demo.gen/sources_1/ip/ila_0/hdl/verilog/xsdbm_v3_0_0_bs_core_vec.vh:382]
INFO: [Synth 8-11241] undeclared symbol 'tms_int', assumed default net type 'wire' [/home/perinze/code/fpga/SEA/Examples/FPGA/4.Module-Interface/Mini-HDMI-Interface/HDMI_Demo/HDMI_Demo.gen/sources_1/ip/ila_0/hdl/verilog/xsdbm_v3_0_0_bs_core_vec.vh:415]
INFO: [Synth 8-11241] undeclared symbol 'runtest_int', assumed default net type 'wire' [/home/perinze/code/fpga/SEA/Examples/FPGA/4.Module-Interface/Mini-HDMI-Interface/HDMI_Demo/HDMI_Demo.gen/sources_1/ip/ila_0/hdl/verilog/xsdbm_v3_0_0_bs_core_vec.vh:417]
INFO: [Common 17-14] Message 'Synth 8-11241' appears 100 times and further instances of the messages will be disabled. Use the Tcl command set_msg_config to change the current settings.
WARNING: [Synth 8-10294] parameter declaration is not allowed here in this mode of Verilog [/home/perinze/code/fpga/SEA/Examples/FPGA/4.Module-Interface/Mini-HDMI-Interface/HDMI_Demo/HDMI_Demo.gen/sources_1/ip/ila_0/hdl/ila_v6_2_syn_rfs.v:4527]
WARNING: [Synth 8-10294] parameter declaration is not allowed here in this mode of Verilog [/home/perinze/code/fpga/SEA/Examples/FPGA/4.Module-Interface/Mini-HDMI-Interface/HDMI_Demo/HDMI_Demo.gen/sources_1/ip/ila_0/hdl/ila_v6_2_syn_rfs.v:4528]
WARNING: [Synth 8-10294] parameter declaration is not allowed here in this mode of Verilog [/home/perinze/code/fpga/SEA/Examples/FPGA/4.Module-Interface/Mini-HDMI-Interface/HDMI_Demo/HDMI_Demo.gen/sources_1/ip/ila_0/hdl/ila_v6_2_syn_rfs.v:4529]
WARNING: [Synth 8-10294] parameter declaration is not allowed here in this mode of Verilog [/home/perinze/code/fpga/SEA/Examples/FPGA/4.Module-Interface/Mini-HDMI-Interface/HDMI_Demo/HDMI_Demo.gen/sources_1/ip/ila_0/hdl/ila_v6_2_syn_rfs.v:4530]
WARNING: [Synth 8-10294] parameter declaration is not allowed here in this mode of Verilog [/home/perinze/code/fpga/SEA/Examples/FPGA/4.Module-Interface/Mini-HDMI-Interface/HDMI_Demo/HDMI_Demo.gen/sources_1/ip/ila_0/hdl/ila_v6_2_syn_rfs.v:4531]
WARNING: [Synth 8-10294] parameter declaration is not allowed here in this mode of Verilog [/home/perinze/code/fpga/SEA/Examples/FPGA/4.Module-Interface/Mini-HDMI-Interface/HDMI_Demo/HDMI_Demo.gen/sources_1/ip/ila_0/hdl/ila_v6_2_syn_rfs.v:4532]
WARNING: [Synth 8-10294] parameter declaration is not allowed here in this mode of Verilog [/home/perinze/code/fpga/SEA/Examples/FPGA/4.Module-Interface/Mini-HDMI-Interface/HDMI_Demo/HDMI_Demo.gen/sources_1/ip/ila_0/hdl/ila_v6_2_syn_rfs.v:4586]
WARNING: [Synth 8-10294] parameter declaration is not allowed here in this mode of Verilog [/home/perinze/code/fpga/SEA/Examples/FPGA/4.Module-Interface/Mini-HDMI-Interface/HDMI_Demo/HDMI_Demo.gen/sources_1/ip/ila_0/hdl/ila_v6_2_syn_rfs.v:4587]
WARNING: [Synth 8-10294] parameter declaration is not allowed here in this mode of Verilog [/home/perinze/code/fpga/SEA/Examples/FPGA/4.Module-Interface/Mini-HDMI-Interface/HDMI_Demo/HDMI_Demo.gen/sources_1/ip/ila_0/hdl/ila_v6_2_syn_rfs.v:4588]
WARNING: [Synth 8-10294] parameter declaration is not allowed here in this mode of Verilog [/home/perinze/code/fpga/SEA/Examples/FPGA/4.Module-Interface/Mini-HDMI-Interface/HDMI_Demo/HDMI_Demo.gen/sources_1/ip/ila_0/hdl/ila_v6_2_syn_rfs.v:5486]
---------------------------------------------------------------------------------
Starting RTL Elaboration : Time (s): cpu = 00:00:05 ; elapsed = 00:00:06 . Memory (MB): peak = 1948.848 ; gain = 378.770 ; free physical = 513 ; free virtual = 5654
Synthesis current peak Physical Memory [PSS] (MB): peak = 1405.497; parent = 1195.595; children = 209.902
Synthesis current peak Virtual Memory [VSS] (MB): peak = 2935.375; parent = 1972.664; children = 962.711
---------------------------------------------------------------------------------
INFO: [Synth 8-6157] synthesizing module 'ila_0' [/home/perinze/code/fpga/SEA/Examples/FPGA/4.Module-Interface/Mini-HDMI-Interface/HDMI_Demo/HDMI_Demo.gen/sources_1/ip/ila_0/synth/ila_0.v:48]
INFO: [Synth 8-6157] synthesizing module 'CFGLUT5' [/opt/Xilinx/Vivado/2022.2/scripts/rt/data/unisim_comp.v:1534]
INFO: [Synth 8-6155] done synthesizing module 'CFGLUT5' (0#1) [/opt/Xilinx/Vivado/2022.2/scripts/rt/data/unisim_comp.v:1534]
INFO: [Synth 8-6157] synthesizing module 'CARRY4' [/opt/Xilinx/Vivado/2022.2/scripts/rt/data/unisim_comp.v:1497]
INFO: [Synth 8-6155] done synthesizing module 'CARRY4' (0#1) [/opt/Xilinx/Vivado/2022.2/scripts/rt/data/unisim_comp.v:1497]
INFO: [Synth 8-6157] synthesizing module 'SRLC32E' [/opt/Xilinx/Vivado/2022.2/scripts/rt/data/unisim_comp.v:131794]
INFO: [Synth 8-6155] done synthesizing module 'SRLC32E' (0#1) [/opt/Xilinx/Vivado/2022.2/scripts/rt/data/unisim_comp.v:131794]
INFO: [Synth 8-6157] synthesizing module 'SRL16E' [/opt/Xilinx/Vivado/2022.2/scripts/rt/data/unisim_comp.v:131644]
INFO: [Synth 8-6155] done synthesizing module 'SRL16E' (0#1) [/opt/Xilinx/Vivado/2022.2/scripts/rt/data/unisim_comp.v:131644]
INFO: [Synth 8-6157] synthesizing module 'SRLC16E' [/opt/Xilinx/Vivado/2022.2/scripts/rt/data/unisim_comp.v:131733]
INFO: [Synth 8-6155] done synthesizing module 'SRLC16E' (0#1) [/opt/Xilinx/Vivado/2022.2/scripts/rt/data/unisim_comp.v:131733]
INFO: [Synth 8-6157] synthesizing module 'FDRE' [/opt/Xilinx/Vivado/2022.2/scripts/rt/data/unisim_comp.v:38708]
INFO: [Synth 8-6155] done synthesizing module 'FDRE' (0#1) [/opt/Xilinx/Vivado/2022.2/scripts/rt/data/unisim_comp.v:38708]
WARNING: [Synth 8-7071] port 'clk_nobuf' of module 'ila_v6_2_12_ila' is unconnected for instance 'inst' [/home/perinze/code/fpga/SEA/Examples/FPGA/4.Module-Interface/Mini-HDMI-Interface/HDMI_Demo/HDMI_Demo.gen/sources_1/ip/ila_0/synth/ila_0.v:3239]
WARNING: [Synth 8-7071] port 'clkdiv_out' of module 'ila_v6_2_12_ila' is unconnected for instance 'inst' [/home/perinze/code/fpga/SEA/Examples/FPGA/4.Module-Interface/Mini-HDMI-Interface/HDMI_Demo/HDMI_Demo.gen/sources_1/ip/ila_0/synth/ila_0.v:3239]
WARNING: [Synth 8-7071] port 'trig_in' of module 'ila_v6_2_12_ila' is unconnected for instance 'inst' [/home/perinze/code/fpga/SEA/Examples/FPGA/4.Module-Interface/Mini-HDMI-Interface/HDMI_Demo/HDMI_Demo.gen/sources_1/ip/ila_0/synth/ila_0.v:3239]
WARNING: [Synth 8-7071] port 'trig_in_ack' of module 'ila_v6_2_12_ila' is unconnected for instance 'inst' [/home/perinze/code/fpga/SEA/Examples/FPGA/4.Module-Interface/Mini-HDMI-Interface/HDMI_Demo/HDMI_Demo.gen/sources_1/ip/ila_0/synth/ila_0.v:3239]
WARNING: [Synth 8-7071] port 'trig_out' of module 'ila_v6_2_12_ila' is unconnected for instance 'inst' [/home/perinze/code/fpga/SEA/Examples/FPGA/4.Module-Interface/Mini-HDMI-Interface/HDMI_Demo/HDMI_Demo.gen/sources_1/ip/ila_0/synth/ila_0.v:3239]
WARNING: [Synth 8-7071] port 'trig_out_ack' of module 'ila_v6_2_12_ila' is unconnected for instance 'inst' [/home/perinze/code/fpga/SEA/Examples/FPGA/4.Module-Interface/Mini-HDMI-Interface/HDMI_Demo/HDMI_Demo.gen/sources_1/ip/ila_0/synth/ila_0.v:3239]
WARNING: [Synth 8-7023] instance 'inst' of module 'ila_v6_2_12_ila' has 1033 connections declared, but only 1027 given [/home/perinze/code/fpga/SEA/Examples/FPGA/4.Module-Interface/Mini-HDMI-Interface/HDMI_Demo/HDMI_Demo.gen/sources_1/ip/ila_0/synth/ila_0.v:3239]
INFO: [Synth 8-6155] done synthesizing module 'ila_0' (0#1) [/home/perinze/code/fpga/SEA/Examples/FPGA/4.Module-Interface/Mini-HDMI-Interface/HDMI_Demo/HDMI_Demo.gen/sources_1/ip/ila_0/synth/ila_0.v:48]
WARNING: [Synth 8-3848] Net sl_iport0 in module/entity ila_0 does not have driver. [/home/perinze/code/fpga/SEA/Examples/FPGA/4.Module-Interface/Mini-HDMI-Interface/HDMI_Demo/HDMI_Demo.gen/sources_1/ip/ila_0/synth/ila_0.v:128]
WARNING: [Synth 8-7129] Port CLKB in module blk_mem_gen_v8_4_5_blk_mem_output_block is either unconnected or has no load
WARNING: [Synth 8-7129] Port DOUTA_I[279] in module blk_mem_gen_v8_4_5_blk_mem_output_block is either unconnected or has no load
WARNING: [Synth 8-7129] Port DOUTA_I[278] in module blk_mem_gen_v8_4_5_blk_mem_output_block is either unconnected or has no load
WARNING: [Synth 8-7129] Port DOUTA_I[277] in module blk_mem_gen_v8_4_5_blk_mem_output_block is either unconnected or has no load
WARNING: [Synth 8-7129] Port DOUTA_I[276] in module blk_mem_gen_v8_4_5_blk_mem_output_block is either unconnected or has no load
WARNING: [Synth 8-7129] Port DOUTA_I[275] in module blk_mem_gen_v8_4_5_blk_mem_output_block is either unconnected or has no load
WARNING: [Synth 8-7129] Port DOUTA_I[274] in module blk_mem_gen_v8_4_5_blk_mem_output_block is either unconnected or has no load
WARNING: [Synth 8-7129] Port DOUTA_I[273] in module blk_mem_gen_v8_4_5_blk_mem_output_block is either unconnected or has no load
WARNING: [Synth 8-7129] Port DOUTA_I[272] in module blk_mem_gen_v8_4_5_blk_mem_output_block is either unconnected or has no load
WARNING: [Synth 8-7129] Port DOUTA_I[271] in module blk_mem_gen_v8_4_5_blk_mem_output_block is either unconnected or has no load
WARNING: [Synth 8-7129] Port DOUTA_I[270] in module blk_mem_gen_v8_4_5_blk_mem_output_block is either unconnected or has no load
WARNING: [Synth 8-7129] Port DOUTA_I[269] in module blk_mem_gen_v8_4_5_blk_mem_output_block is either unconnected or has no load
WARNING: [Synth 8-7129] Port DOUTA_I[268] in module blk_mem_gen_v8_4_5_blk_mem_output_block is either unconnected or has no load
WARNING: [Synth 8-7129] Port DOUTA_I[267] in module blk_mem_gen_v8_4_5_blk_mem_output_block is either unconnected or has no load
WARNING: [Synth 8-7129] Port DOUTA_I[266] in module blk_mem_gen_v8_4_5_blk_mem_output_block is either unconnected or has no load
WARNING: [Synth 8-7129] Port DOUTA_I[265] in module blk_mem_gen_v8_4_5_blk_mem_output_block is either unconnected or has no load
WARNING: [Synth 8-7129] Port DOUTA_I[264] in module blk_mem_gen_v8_4_5_blk_mem_output_block is either unconnected or has no load
WARNING: [Synth 8-7129] Port DOUTA_I[263] in module blk_mem_gen_v8_4_5_blk_mem_output_block is either unconnected or has no load
WARNING: [Synth 8-7129] Port DOUTA_I[262] in module blk_mem_gen_v8_4_5_blk_mem_output_block is either unconnected or has no load
WARNING: [Synth 8-7129] Port DOUTA_I[261] in module blk_mem_gen_v8_4_5_blk_mem_output_block is either unconnected or has no load
WARNING: [Synth 8-7129] Port DOUTA_I[260] in module blk_mem_gen_v8_4_5_blk_mem_output_block is either unconnected or has no load
WARNING: [Synth 8-7129] Port DOUTA_I[259] in module blk_mem_gen_v8_4_5_blk_mem_output_block is either unconnected or has no load
WARNING: [Synth 8-7129] Port DOUTA_I[258] in module blk_mem_gen_v8_4_5_blk_mem_output_block is either unconnected or has no load
WARNING: [Synth 8-7129] Port DOUTA_I[257] in module blk_mem_gen_v8_4_5_blk_mem_output_block is either unconnected or has no load
WARNING: [Synth 8-7129] Port DOUTA_I[256] in module blk_mem_gen_v8_4_5_blk_mem_output_block is either unconnected or has no load
WARNING: [Synth 8-7129] Port DOUTA_I[255] in module blk_mem_gen_v8_4_5_blk_mem_output_block is either unconnected or has no load
WARNING: [Synth 8-7129] Port DOUTA_I[254] in module blk_mem_gen_v8_4_5_blk_mem_output_block is either unconnected or has no load
WARNING: [Synth 8-7129] Port DOUTA_I[253] in module blk_mem_gen_v8_4_5_blk_mem_output_block is either unconnected or has no load
WARNING: [Synth 8-7129] Port DOUTA_I[252] in module blk_mem_gen_v8_4_5_blk_mem_output_block is either unconnected or has no load
WARNING: [Synth 8-7129] Port DOUTA_I[251] in module blk_mem_gen_v8_4_5_blk_mem_output_block is either unconnected or has no load
WARNING: [Synth 8-7129] Port DOUTA_I[250] in module blk_mem_gen_v8_4_5_blk_mem_output_block is either unconnected or has no load
WARNING: [Synth 8-7129] Port DOUTA_I[249] in module blk_mem_gen_v8_4_5_blk_mem_output_block is either unconnected or has no load
WARNING: [Synth 8-7129] Port DOUTA_I[248] in module blk_mem_gen_v8_4_5_blk_mem_output_block is either unconnected or has no load
WARNING: [Synth 8-7129] Port DOUTA_I[247] in module blk_mem_gen_v8_4_5_blk_mem_output_block is either unconnected or has no load
WARNING: [Synth 8-7129] Port DOUTA_I[246] in module blk_mem_gen_v8_4_5_blk_mem_output_block is either unconnected or has no load
WARNING: [Synth 8-7129] Port DOUTA_I[245] in module blk_mem_gen_v8_4_5_blk_mem_output_block is either unconnected or has no load
WARNING: [Synth 8-7129] Port DOUTA_I[244] in module blk_mem_gen_v8_4_5_blk_mem_output_block is either unconnected or has no load
WARNING: [Synth 8-7129] Port DOUTA_I[243] in module blk_mem_gen_v8_4_5_blk_mem_output_block is either unconnected or has no load
WARNING: [Synth 8-7129] Port DOUTA_I[242] in module blk_mem_gen_v8_4_5_blk_mem_output_block is either unconnected or has no load
WARNING: [Synth 8-7129] Port DOUTA_I[241] in module blk_mem_gen_v8_4_5_blk_mem_output_block is either unconnected or has no load
WARNING: [Synth 8-7129] Port DOUTA_I[240] in module blk_mem_gen_v8_4_5_blk_mem_output_block is either unconnected or has no load
WARNING: [Synth 8-7129] Port DOUTA_I[239] in module blk_mem_gen_v8_4_5_blk_mem_output_block is either unconnected or has no load
WARNING: [Synth 8-7129] Port DOUTA_I[238] in module blk_mem_gen_v8_4_5_blk_mem_output_block is either unconnected or has no load
WARNING: [Synth 8-7129] Port DOUTA_I[237] in module blk_mem_gen_v8_4_5_blk_mem_output_block is either unconnected or has no load
WARNING: [Synth 8-7129] Port DOUTA_I[236] in module blk_mem_gen_v8_4_5_blk_mem_output_block is either unconnected or has no load
WARNING: [Synth 8-7129] Port DOUTA_I[235] in module blk_mem_gen_v8_4_5_blk_mem_output_block is either unconnected or has no load
WARNING: [Synth 8-7129] Port DOUTA_I[234] in module blk_mem_gen_v8_4_5_blk_mem_output_block is either unconnected or has no load
WARNING: [Synth 8-7129] Port DOUTA_I[233] in module blk_mem_gen_v8_4_5_blk_mem_output_block is either unconnected or has no load
WARNING: [Synth 8-7129] Port DOUTA_I[232] in module blk_mem_gen_v8_4_5_blk_mem_output_block is either unconnected or has no load
WARNING: [Synth 8-7129] Port DOUTA_I[231] in module blk_mem_gen_v8_4_5_blk_mem_output_block is either unconnected or has no load
WARNING: [Synth 8-7129] Port DOUTA_I[230] in module blk_mem_gen_v8_4_5_blk_mem_output_block is either unconnected or has no load
WARNING: [Synth 8-7129] Port DOUTA_I[229] in module blk_mem_gen_v8_4_5_blk_mem_output_block is either unconnected or has no load
WARNING: [Synth 8-7129] Port DOUTA_I[228] in module blk_mem_gen_v8_4_5_blk_mem_output_block is either unconnected or has no load
WARNING: [Synth 8-7129] Port DOUTA_I[227] in module blk_mem_gen_v8_4_5_blk_mem_output_block is either unconnected or has no load
WARNING: [Synth 8-7129] Port DOUTA_I[226] in module blk_mem_gen_v8_4_5_blk_mem_output_block is either unconnected or has no load
WARNING: [Synth 8-7129] Port DOUTA_I[225] in module blk_mem_gen_v8_4_5_blk_mem_output_block is either unconnected or has no load
WARNING: [Synth 8-7129] Port DOUTA_I[224] in module blk_mem_gen_v8_4_5_blk_mem_output_block is either unconnected or has no load
WARNING: [Synth 8-7129] Port DOUTA_I[223] in module blk_mem_gen_v8_4_5_blk_mem_output_block is either unconnected or has no load
WARNING: [Synth 8-7129] Port DOUTA_I[222] in module blk_mem_gen_v8_4_5_blk_mem_output_block is either unconnected or has no load
WARNING: [Synth 8-7129] Port DOUTA_I[221] in module blk_mem_gen_v8_4_5_blk_mem_output_block is either unconnected or has no load
WARNING: [Synth 8-7129] Port DOUTA_I[220] in module blk_mem_gen_v8_4_5_blk_mem_output_block is either unconnected or has no load
WARNING: [Synth 8-7129] Port DOUTA_I[219] in module blk_mem_gen_v8_4_5_blk_mem_output_block is either unconnected or has no load
WARNING: [Synth 8-7129] Port DOUTA_I[218] in module blk_mem_gen_v8_4_5_blk_mem_output_block is either unconnected or has no load
WARNING: [Synth 8-7129] Port DOUTA_I[217] in module blk_mem_gen_v8_4_5_blk_mem_output_block is either unconnected or has no load
WARNING: [Synth 8-7129] Port DOUTA_I[216] in module blk_mem_gen_v8_4_5_blk_mem_output_block is either unconnected or has no load
WARNING: [Synth 8-7129] Port DOUTA_I[215] in module blk_mem_gen_v8_4_5_blk_mem_output_block is either unconnected or has no load
WARNING: [Synth 8-7129] Port DOUTA_I[214] in module blk_mem_gen_v8_4_5_blk_mem_output_block is either unconnected or has no load
WARNING: [Synth 8-7129] Port DOUTA_I[213] in module blk_mem_gen_v8_4_5_blk_mem_output_block is either unconnected or has no load
WARNING: [Synth 8-7129] Port DOUTA_I[212] in module blk_mem_gen_v8_4_5_blk_mem_output_block is either unconnected or has no load
WARNING: [Synth 8-7129] Port DOUTA_I[211] in module blk_mem_gen_v8_4_5_blk_mem_output_block is either unconnected or has no load
WARNING: [Synth 8-7129] Port DOUTA_I[210] in module blk_mem_gen_v8_4_5_blk_mem_output_block is either unconnected or has no load
WARNING: [Synth 8-7129] Port DOUTA_I[209] in module blk_mem_gen_v8_4_5_blk_mem_output_block is either unconnected or has no load
WARNING: [Synth 8-7129] Port DOUTA_I[208] in module blk_mem_gen_v8_4_5_blk_mem_output_block is either unconnected or has no load
WARNING: [Synth 8-7129] Port DOUTA_I[207] in module blk_mem_gen_v8_4_5_blk_mem_output_block is either unconnected or has no load
WARNING: [Synth 8-7129] Port DOUTA_I[206] in module blk_mem_gen_v8_4_5_blk_mem_output_block is either unconnected or has no load
WARNING: [Synth 8-7129] Port DOUTA_I[205] in module blk_mem_gen_v8_4_5_blk_mem_output_block is either unconnected or has no load
WARNING: [Synth 8-7129] Port DOUTA_I[204] in module blk_mem_gen_v8_4_5_blk_mem_output_block is either unconnected or has no load
WARNING: [Synth 8-7129] Port DOUTA_I[203] in module blk_mem_gen_v8_4_5_blk_mem_output_block is either unconnected or has no load
WARNING: [Synth 8-7129] Port DOUTA_I[202] in module blk_mem_gen_v8_4_5_blk_mem_output_block is either unconnected or has no load
WARNING: [Synth 8-7129] Port DOUTA_I[201] in module blk_mem_gen_v8_4_5_blk_mem_output_block is either unconnected or has no load
WARNING: [Synth 8-7129] Port DOUTA_I[200] in module blk_mem_gen_v8_4_5_blk_mem_output_block is either unconnected or has no load
WARNING: [Synth 8-7129] Port DOUTA_I[199] in module blk_mem_gen_v8_4_5_blk_mem_output_block is either unconnected or has no load
WARNING: [Synth 8-7129] Port DOUTA_I[198] in module blk_mem_gen_v8_4_5_blk_mem_output_block is either unconnected or has no load
WARNING: [Synth 8-7129] Port DOUTA_I[197] in module blk_mem_gen_v8_4_5_blk_mem_output_block is either unconnected or has no load
WARNING: [Synth 8-7129] Port DOUTA_I[196] in module blk_mem_gen_v8_4_5_blk_mem_output_block is either unconnected or has no load
WARNING: [Synth 8-7129] Port DOUTA_I[195] in module blk_mem_gen_v8_4_5_blk_mem_output_block is either unconnected or has no load
WARNING: [Synth 8-7129] Port DOUTA_I[194] in module blk_mem_gen_v8_4_5_blk_mem_output_block is either unconnected or has no load
WARNING: [Synth 8-7129] Port DOUTA_I[193] in module blk_mem_gen_v8_4_5_blk_mem_output_block is either unconnected or has no load
WARNING: [Synth 8-7129] Port DOUTA_I[192] in module blk_mem_gen_v8_4_5_blk_mem_output_block is either unconnected or has no load
WARNING: [Synth 8-7129] Port DOUTA_I[191] in module blk_mem_gen_v8_4_5_blk_mem_output_block is either unconnected or has no load
WARNING: [Synth 8-7129] Port DOUTA_I[190] in module blk_mem_gen_v8_4_5_blk_mem_output_block is either unconnected or has no load
WARNING: [Synth 8-7129] Port DOUTA_I[189] in module blk_mem_gen_v8_4_5_blk_mem_output_block is either unconnected or has no load
WARNING: [Synth 8-7129] Port DOUTA_I[188] in module blk_mem_gen_v8_4_5_blk_mem_output_block is either unconnected or has no load
WARNING: [Synth 8-7129] Port DOUTA_I[187] in module blk_mem_gen_v8_4_5_blk_mem_output_block is either unconnected or has no load
WARNING: [Synth 8-7129] Port DOUTA_I[186] in module blk_mem_gen_v8_4_5_blk_mem_output_block is either unconnected or has no load
WARNING: [Synth 8-7129] Port DOUTA_I[185] in module blk_mem_gen_v8_4_5_blk_mem_output_block is either unconnected or has no load
WARNING: [Synth 8-7129] Port DOUTA_I[184] in module blk_mem_gen_v8_4_5_blk_mem_output_block is either unconnected or has no load
WARNING: [Synth 8-7129] Port DOUTA_I[183] in module blk_mem_gen_v8_4_5_blk_mem_output_block is either unconnected or has no load
WARNING: [Synth 8-7129] Port DOUTA_I[182] in module blk_mem_gen_v8_4_5_blk_mem_output_block is either unconnected or has no load
WARNING: [Synth 8-7129] Port DOUTA_I[181] in module blk_mem_gen_v8_4_5_blk_mem_output_block is either unconnected or has no load
INFO: [Common 17-14] Message 'Synth 8-7129' appears 100 times and further instances of the messages will be disabled. Use the Tcl command set_msg_config to change the current settings.
---------------------------------------------------------------------------------
Finished RTL Elaboration : Time (s): cpu = 00:00:20 ; elapsed = 00:00:21 . Memory (MB): peak = 2350.137 ; gain = 780.059 ; free physical = 668 ; free virtual = 5716
Synthesis current peak Physical Memory [PSS] (MB): peak = 1761.651; parent = 1551.709; children = 209.942
Synthesis current peak Virtual Memory [VSS] (MB): peak = 3312.852; parent = 2350.141; children = 962.711
---------------------------------------------------------------------------------
---------------------------------------------------------------------------------
Start Handling Custom Attributes
---------------------------------------------------------------------------------
---------------------------------------------------------------------------------
Finished Handling Custom Attributes : Time (s): cpu = 00:00:20 ; elapsed = 00:00:22 . Memory (MB): peak = 2350.137 ; gain = 780.059 ; free physical = 670 ; free virtual = 5718
Synthesis current peak Physical Memory [PSS] (MB): peak = 1761.651; parent = 1551.709; children = 209.942
Synthesis current peak Virtual Memory [VSS] (MB): peak = 3312.852; parent = 2350.141; children = 962.711
---------------------------------------------------------------------------------
---------------------------------------------------------------------------------
Finished RTL Optimization Phase 1 : Time (s): cpu = 00:00:20 ; elapsed = 00:00:22 . Memory (MB): peak = 2350.137 ; gain = 780.059 ; free physical = 670 ; free virtual = 5718
Synthesis current peak Physical Memory [PSS] (MB): peak = 1761.651; parent = 1551.709; children = 209.942
Synthesis current peak Virtual Memory [VSS] (MB): peak = 3312.852; parent = 2350.141; children = 962.711
---------------------------------------------------------------------------------
Netlist sorting complete. Time (s): cpu = 00:00:00.09 ; elapsed = 00:00:00.1 . Memory (MB): peak = 2350.137 ; gain = 0.000 ; free physical = 644 ; free virtual = 5692
INFO: [Netlist 29-17] Analyzing 283 Unisim elements for replacement
INFO: [Netlist 29-28] Unisim Transformation completed in 0 CPU seconds
INFO: [Project 1-570] Preparing netlist for logic optimization

Processing XDC Constraints
Initializing timing engine
Parsing XDC File [/home/perinze/code/fpga/SEA/Examples/FPGA/4.Module-Interface/Mini-HDMI-Interface/HDMI_Demo/HDMI_Demo.gen/sources_1/ip/ila_0/ila_0_ooc.xdc] for cell 'inst'
Finished Parsing XDC File [/home/perinze/code/fpga/SEA/Examples/FPGA/4.Module-Interface/Mini-HDMI-Interface/HDMI_Demo/HDMI_Demo.gen/sources_1/ip/ila_0/ila_0_ooc.xdc] for cell 'inst'
Parsing XDC File [/home/perinze/code/fpga/SEA/Examples/FPGA/4.Module-Interface/Mini-HDMI-Interface/HDMI_Demo/HDMI_Demo.gen/sources_1/ip/ila_0/ila_v6_2/constraints/ila.xdc] for cell 'inst'
Finished Parsing XDC File [/home/perinze/code/fpga/SEA/Examples/FPGA/4.Module-Interface/Mini-HDMI-Interface/HDMI_Demo/HDMI_Demo.gen/sources_1/ip/ila_0/ila_v6_2/constraints/ila.xdc] for cell 'inst'
Parsing XDC File [/home/perinze/code/fpga/SEA/Examples/FPGA/4.Module-Interface/Mini-HDMI-Interface/HDMI_Demo/HDMI_Demo.runs/ila_0_synth_1/dont_touch.xdc]
Finished Parsing XDC File [/home/perinze/code/fpga/SEA/Examples/FPGA/4.Module-Interface/Mini-HDMI-Interface/HDMI_Demo/HDMI_Demo.runs/ila_0_synth_1/dont_touch.xdc]
Completed Processing XDC Constraints

Netlist sorting complete. Time (s): cpu = 00:00:00 ; elapsed = 00:00:00 . Memory (MB): peak = 2421.801 ; gain = 0.000 ; free physical = 553 ; free virtual = 5602
INFO: [Project 1-111] Unisim Transformation Summary:
  A total of 208 instances were transformed.
  CFGLUT5 => CFGLUT5 (SRL16E, SRLC32E): 188 instances
  CFGLUT5 => SRLC32E: 20 instances

Constraint Validation Runtime : Time (s): cpu = 00:00:00.13 ; elapsed = 00:00:00.08 . Memory (MB): peak = 2421.801 ; gain = 0.000 ; free physical = 550 ; free virtual = 5600
INFO: [Designutils 20-5008] Incremental synthesis strategy off
---------------------------------------------------------------------------------
Finished Constraint Validation : Time (s): cpu = 00:00:27 ; elapsed = 00:00:29 . Memory (MB): peak = 2421.801 ; gain = 851.723 ; free physical = 648 ; free virtual = 5699
Synthesis current peak Physical Memory [PSS] (MB): peak = 1761.651; parent = 1551.709; children = 209.942
Synthesis current peak Virtual Memory [VSS] (MB): peak = 3352.500; parent = 2389.789; children = 962.711
---------------------------------------------------------------------------------
---------------------------------------------------------------------------------
Start Loading Part and Timing Information
---------------------------------------------------------------------------------
Loading part: xc7s15ftgb196-1
---------------------------------------------------------------------------------
Finished Loading Part and Timing Information : Time (s): cpu = 00:00:27 ; elapsed = 00:00:29 . Memory (MB): peak = 2421.801 ; gain = 851.723 ; free physical = 654 ; free virtual = 5704
Synthesis current peak Physical Memory [PSS] (MB): peak = 1761.651; parent = 1551.709; children = 209.942
Synthesis current peak Virtual Memory [VSS] (MB): peak = 3352.500; parent = 2389.789; children = 962.711
---------------------------------------------------------------------------------
---------------------------------------------------------------------------------
Start Applying 'set_property' XDC Constraints
---------------------------------------------------------------------------------
Applied set_property KEEP_HIERARCHY = SOFT for inst. (constraint file  /home/perinze/code/fpga/SEA/Examples/FPGA/4.Module-Interface/Mini-HDMI-Interface/HDMI_Demo/HDMI_Demo.runs/ila_0_synth_1/dont_touch.xdc, line 9).
---------------------------------------------------------------------------------
Finished applying 'set_property' XDC Constraints : Time (s): cpu = 00:00:27 ; elapsed = 00:00:29 . Memory (MB): peak = 2421.801 ; gain = 851.723 ; free physical = 654 ; free virtual = 5704
Synthesis current peak Physical Memory [PSS] (MB): peak = 1761.651; parent = 1551.709; children = 209.942
Synthesis current peak Virtual Memory [VSS] (MB): peak = 3352.500; parent = 2389.789; children = 962.711
---------------------------------------------------------------------------------
INFO: [Synth 8-802] inferred FSM for state register 'current_state_reg' in module 'xsdbs_v1_0_2_reg_p2s'
INFO: [Synth 8-802] inferred FSM for state register 'current_state_reg' in module 'xsdbs_v1_0_2_reg_p2s__parameterized0'
INFO: [Synth 8-802] inferred FSM for state register 'current_state_reg' in module 'xsdbs_v1_0_2_reg_p2s__parameterized1'
INFO: [Synth 8-802] inferred FSM for state register 'current_state_reg' in module 'xsdbs_v1_0_2_reg_p2s__parameterized2'
INFO: [Synth 8-802] inferred FSM for state register 'current_state_reg' in module 'xsdbs_v1_0_2_reg_p2s__parameterized3'
INFO: [Synth 8-802] inferred FSM for state register 'current_state_reg' in module 'xsdbs_v1_0_2_reg_p2s__parameterized4'
INFO: [Synth 8-802] inferred FSM for state register 'current_state_reg' in module 'xsdbs_v1_0_2_reg_p2s__parameterized5'
INFO: [Synth 8-802] inferred FSM for state register 'current_state_reg' in module 'xsdbs_v1_0_2_reg_p2s__parameterized6'
INFO: [Synth 8-802] inferred FSM for state register 'current_state_reg' in module 'xsdbs_v1_0_2_reg_p2s__parameterized7'
INFO: [Synth 8-802] inferred FSM for state register 'current_state_reg' in module 'xsdbs_v1_0_2_reg_p2s__parameterized8'
INFO: [Synth 8-802] inferred FSM for state register 'current_state_reg' in module 'xsdbs_v1_0_2_reg_p2s__parameterized9'
INFO: [Synth 8-802] inferred FSM for state register 'current_state_reg' in module 'xsdbs_v1_0_2_reg_p2s__parameterized10'
INFO: [Synth 8-802] inferred FSM for state register 'current_state_reg' in module 'xsdbs_v1_0_2_reg_p2s__parameterized11'
INFO: [Synth 8-802] inferred FSM for state register 'current_state_reg' in module 'xsdbs_v1_0_2_reg_p2s__parameterized12'
INFO: [Synth 8-802] inferred FSM for state register 'current_state_reg' in module 'xsdbs_v1_0_2_reg_p2s__parameterized13'
INFO: [Synth 8-802] inferred FSM for state register 'current_state_reg' in module 'xsdbs_v1_0_2_reg_p2s__parameterized14'
INFO: [Synth 8-802] inferred FSM for state register 'current_state_reg' in module 'xsdbs_v1_0_2_reg_p2s__parameterized15'
INFO: [Synth 8-802] inferred FSM for state register 'current_state_reg' in module 'xsdbs_v1_0_2_reg_p2s__parameterized16'
INFO: [Synth 8-802] inferred FSM for state register 'current_state_reg' in module 'ltlib_v1_0_0_generic_memrd'
---------------------------------------------------------------------------------------------------
                   State |                     New Encoding |                Previous Encoding 
---------------------------------------------------------------------------------------------------
*
                    IDLE |                             0001 |                             0001
                     REG |                             0010 |                             0010
                     P2S |                             0100 |                             0100
                     S2P |                             1000 |                             1000
---------------------------------------------------------------------------------------------------
INFO: [Synth 8-3898] No Re-encoding of one hot register 'current_state_reg' in module 'xsdbs_v1_0_2_reg_p2s'
---------------------------------------------------------------------------------------------------
                   State |                     New Encoding |                Previous Encoding 
---------------------------------------------------------------------------------------------------
*
                    IDLE |                             0001 |                             0001
                     REG |                             0010 |                             0010
                     P2S |                             0100 |                             0100
                     S2P |                             1000 |                             1000
---------------------------------------------------------------------------------------------------
INFO: [Synth 8-3898] No Re-encoding of one hot register 'current_state_reg' in module 'xsdbs_v1_0_2_reg_p2s__parameterized0'
---------------------------------------------------------------------------------------------------
                   State |                     New Encoding |                Previous Encoding 
---------------------------------------------------------------------------------------------------
*
                    IDLE |                             0001 |                             0001
                     REG |                             0010 |                             0010
                     P2S |                             0100 |                             0100
                     S2P |                             1000 |                             1000
---------------------------------------------------------------------------------------------------
INFO: [Synth 8-3898] No Re-encoding of one hot register 'current_state_reg' in module 'xsdbs_v1_0_2_reg_p2s__parameterized1'
---------------------------------------------------------------------------------------------------
                   State |                     New Encoding |                Previous Encoding 
---------------------------------------------------------------------------------------------------
*
                    IDLE |                             0001 |                             0001
                     REG |                             0010 |                             0010
                     P2S |                             0100 |                             0100
                     S2P |                             1000 |                             1000
---------------------------------------------------------------------------------------------------
INFO: [Synth 8-3898] No Re-encoding of one hot register 'current_state_reg' in module 'xsdbs_v1_0_2_reg_p2s__parameterized2'
---------------------------------------------------------------------------------------------------
                   State |                     New Encoding |                Previous Encoding 
---------------------------------------------------------------------------------------------------
*
                    IDLE |                             0001 |                             0001
                     REG |                             0010 |                             0010
                     P2S |                             0100 |                             0100
                     S2P |                             1000 |                             1000
---------------------------------------------------------------------------------------------------
INFO: [Synth 8-3898] No Re-encoding of one hot register 'current_state_reg' in module 'xsdbs_v1_0_2_reg_p2s__parameterized3'
---------------------------------------------------------------------------------------------------
                   State |                     New Encoding |                Previous Encoding 
---------------------------------------------------------------------------------------------------
*
                    IDLE |                             0001 |                             0001
                     REG |                             0010 |                             0010
                     P2S |                             0100 |                             0100
                     S2P |                             1000 |                             1000
---------------------------------------------------------------------------------------------------
INFO: [Synth 8-3898] No Re-encoding of one hot register 'current_state_reg' in module 'xsdbs_v1_0_2_reg_p2s__parameterized4'
---------------------------------------------------------------------------------------------------
                   State |                     New Encoding |                Previous Encoding 
---------------------------------------------------------------------------------------------------
*
                    IDLE |                             0001 |                             0001
                     REG |                             0010 |                             0010
                     P2S |                             0100 |                             0100
                     S2P |                             1000 |                             1000
---------------------------------------------------------------------------------------------------
INFO: [Synth 8-3898] No Re-encoding of one hot register 'current_state_reg' in module 'xsdbs_v1_0_2_reg_p2s__parameterized5'
---------------------------------------------------------------------------------------------------
                   State |                     New Encoding |                Previous Encoding 
---------------------------------------------------------------------------------------------------
*
                    IDLE |                             0001 |                             0001
                     REG |                             0010 |                             0010
                     P2S |                             0100 |                             0100
                     S2P |                             1000 |                             1000
---------------------------------------------------------------------------------------------------
INFO: [Synth 8-3898] No Re-encoding of one hot register 'current_state_reg' in module 'xsdbs_v1_0_2_reg_p2s__parameterized6'
---------------------------------------------------------------------------------------------------
                   State |                     New Encoding |                Previous Encoding 
---------------------------------------------------------------------------------------------------
*
                    IDLE |                             0001 |                             0001
                     REG |                             0010 |                             0010
                     P2S |                             0100 |                             0100
                     S2P |                             1000 |                             1000
---------------------------------------------------------------------------------------------------
INFO: [Synth 8-3898] No Re-encoding of one hot register 'current_state_reg' in module 'xsdbs_v1_0_2_reg_p2s__parameterized7'
---------------------------------------------------------------------------------------------------
                   State |                     New Encoding |                Previous Encoding 
---------------------------------------------------------------------------------------------------
*
                    IDLE |                             0001 |                             0001
                     REG |                             0010 |                             0010
                     P2S |                             0100 |                             0100
                     S2P |                             1000 |                             1000
---------------------------------------------------------------------------------------------------
INFO: [Synth 8-3898] No Re-encoding of one hot register 'current_state_reg' in module 'xsdbs_v1_0_2_reg_p2s__parameterized8'
---------------------------------------------------------------------------------------------------
                   State |                     New Encoding |                Previous Encoding 
---------------------------------------------------------------------------------------------------
*
                    IDLE |                             0001 |                             0001
                     REG |                             0010 |                             0010
                     P2S |                             0100 |                             0100
                     S2P |                             1000 |                             1000
---------------------------------------------------------------------------------------------------
INFO: [Synth 8-3898] No Re-encoding of one hot register 'current_state_reg' in module 'xsdbs_v1_0_2_reg_p2s__parameterized9'
---------------------------------------------------------------------------------------------------
                   State |                     New Encoding |                Previous Encoding 
---------------------------------------------------------------------------------------------------
*
                    IDLE |                             0001 |                             0001
                     REG |                             0010 |                             0010
                     P2S |                             0100 |                             0100
                     S2P |                             1000 |                             1000
---------------------------------------------------------------------------------------------------
INFO: [Synth 8-3898] No Re-encoding of one hot register 'current_state_reg' in module 'xsdbs_v1_0_2_reg_p2s__parameterized10'
---------------------------------------------------------------------------------------------------
                   State |                     New Encoding |                Previous Encoding 
---------------------------------------------------------------------------------------------------
*
                    IDLE |                             0001 |                             0001
                     REG |                             0010 |                             0010
                     P2S |                             0100 |                             0100
                     S2P |                             1000 |                             1000
---------------------------------------------------------------------------------------------------
INFO: [Synth 8-3898] No Re-encoding of one hot register 'current_state_reg' in module 'xsdbs_v1_0_2_reg_p2s__parameterized11'
---------------------------------------------------------------------------------------------------
                   State |                     New Encoding |                Previous Encoding 
---------------------------------------------------------------------------------------------------
*
                    IDLE |                             0001 |                             0001
                     REG |                             0010 |                             0010
                     P2S |                             0100 |                             0100
                     S2P |                             1000 |                             1000
---------------------------------------------------------------------------------------------------
INFO: [Synth 8-3898] No Re-encoding of one hot register 'current_state_reg' in module 'xsdbs_v1_0_2_reg_p2s__parameterized12'
---------------------------------------------------------------------------------------------------
                   State |                     New Encoding |                Previous Encoding 
---------------------------------------------------------------------------------------------------
*
                    IDLE |                             0001 |                             0001
                     REG |                             0010 |                             0010
                     P2S |                             0100 |                             0100
                     S2P |                             1000 |                             1000
---------------------------------------------------------------------------------------------------
INFO: [Synth 8-3898] No Re-encoding of one hot register 'current_state_reg' in module 'xsdbs_v1_0_2_reg_p2s__parameterized13'
---------------------------------------------------------------------------------------------------
                   State |                     New Encoding |                Previous Encoding 
---------------------------------------------------------------------------------------------------
*
                    IDLE |                             0001 |                             0001
                     REG |                             0010 |                             0010
                     P2S |                             0100 |                             0100
                     S2P |                             1000 |                             1000
---------------------------------------------------------------------------------------------------
INFO: [Synth 8-3898] No Re-encoding of one hot register 'current_state_reg' in module 'xsdbs_v1_0_2_reg_p2s__parameterized14'
---------------------------------------------------------------------------------------------------
                   State |                     New Encoding |                Previous Encoding 
---------------------------------------------------------------------------------------------------
*
                    IDLE |                             0001 |                             0001
                     REG |                             0010 |                             0010
                     P2S |                             0100 |                             0100
                     S2P |                             1000 |                             1000
---------------------------------------------------------------------------------------------------
INFO: [Synth 8-3898] No Re-encoding of one hot register 'current_state_reg' in module 'xsdbs_v1_0_2_reg_p2s__parameterized15'
---------------------------------------------------------------------------------------------------
                   State |                     New Encoding |                Previous Encoding 
---------------------------------------------------------------------------------------------------
*
                    IDLE |                             0001 |                             0001
                     REG |                             0010 |                             0010
                     P2S |                             0100 |                             0100
                     S2P |                             1000 |                             1000
---------------------------------------------------------------------------------------------------
INFO: [Synth 8-3898] No Re-encoding of one hot register 'current_state_reg' in module 'xsdbs_v1_0_2_reg_p2s__parameterized16'
---------------------------------------------------------------------------------------------------
                   State |                     New Encoding |                Previous Encoding 
---------------------------------------------------------------------------------------------------
*
              RESET_ADDR |                          0000001 |                          0000001
            REQUEST_READ |                          0000010 |                          0000010
           WAIT_READ_ACK |                          0000100 |                          0000100
             OUTPUT_DATA |                          0001000 |                          0001000
                    IDLE |                          0010000 |                          0010000
         INCREMENT_BLOCK |                          0100000 |                          0100000
       INCREMENT_ADDRESS |                          1000000 |                          1000000
---------------------------------------------------------------------------------------------------
INFO: [Synth 8-3898] No Re-encoding of one hot register 'current_state_reg' in module 'ltlib_v1_0_0_generic_memrd'
---------------------------------------------------------------------------------
Finished RTL Optimization Phase 2 : Time (s): cpu = 00:00:29 ; elapsed = 00:00:31 . Memory (MB): peak = 2421.801 ; gain = 851.723 ; free physical = 639 ; free virtual = 5691
Synthesis current peak Physical Memory [PSS] (MB): peak = 1761.651; parent = 1551.709; children = 209.942
Synthesis current peak Virtual Memory [VSS] (MB): peak = 3352.500; parent = 2389.789; children = 962.711
---------------------------------------------------------------------------------
---------------------------------------------------------------------------------
Start RTL Component Statistics 
---------------------------------------------------------------------------------
---------------------------------------------------------------------------------
Finished RTL Component Statistics 
---------------------------------------------------------------------------------
---------------------------------------------------------------------------------
Start Part Resource Summary
---------------------------------------------------------------------------------
Part Resources:
DSPs: 20 (col length:20)
BRAMs: 20 (col length: RAMB18 20 RAMB36 10)
---------------------------------------------------------------------------------
Finished Part Resource Summary
---------------------------------------------------------------------------------
---------------------------------------------------------------------------------
Start Cross Boundary and Area Optimization
---------------------------------------------------------------------------------
WARNING: [Synth 8-7080] Parallel synthesis criteria is not met
---------------------------------------------------------------------------------
Finished Cross Boundary and Area Optimization : Time (s): cpu = 00:00:40 ; elapsed = 00:00:43 . Memory (MB): peak = 2437.816 ; gain = 867.738 ; free physical = 540 ; free virtual = 5641
Synthesis current peak Physical Memory [PSS] (MB): peak = 1761.651; parent = 1551.709; children = 209.942
Synthesis current peak Virtual Memory [VSS] (MB): peak = 3400.531; parent = 2437.820; children = 962.711
---------------------------------------------------------------------------------
---------------------------------------------------------------------------------
Start Applying XDC Timing Constraints
---------------------------------------------------------------------------------
---------------------------------------------------------------------------------
Finished Applying XDC Timing Constraints : Time (s): cpu = 00:00:45 ; elapsed = 00:00:48 . Memory (MB): peak = 2437.816 ; gain = 867.738 ; free physical = 220 ; free virtual = 5351
Synthesis current peak Physical Memory [PSS] (MB): peak = 1761.651; parent = 1551.709; children = 209.942
Synthesis current peak Virtual Memory [VSS] (MB): peak = 3400.531; parent = 2437.820; children = 962.711
---------------------------------------------------------------------------------
---------------------------------------------------------------------------------
Start Timing Optimization
---------------------------------------------------------------------------------
---------------------------------------------------------------------------------
Finished Timing Optimization : Time (s): cpu = 00:00:46 ; elapsed = 00:00:49 . Memory (MB): peak = 2437.816 ; gain = 867.738 ; free physical = 175 ; free virtual = 5306
Synthesis current peak Physical Memory [PSS] (MB): peak = 1761.651; parent = 1551.709; children = 209.942
Synthesis current peak Virtual Memory [VSS] (MB): peak = 3400.531; parent = 2437.820; children = 962.711
---------------------------------------------------------------------------------
---------------------------------------------------------------------------------
Start Technology Mapping
---------------------------------------------------------------------------------
---------------------------------------------------------------------------------
Finished Technology Mapping : Time (s): cpu = 00:00:47 ; elapsed = 00:00:51 . Memory (MB): peak = 2437.816 ; gain = 867.738 ; free physical = 158 ; free virtual = 5248
Synthesis current peak Physical Memory [PSS] (MB): peak = 1761.651; parent = 1551.709; children = 209.942
Synthesis current peak Virtual Memory [VSS] (MB): peak = 3400.531; parent = 2437.820; children = 962.711
---------------------------------------------------------------------------------
---------------------------------------------------------------------------------
Start IO Insertion
---------------------------------------------------------------------------------
---------------------------------------------------------------------------------
Start Flattening Before IO Insertion
---------------------------------------------------------------------------------
---------------------------------------------------------------------------------
Finished Flattening Before IO Insertion
---------------------------------------------------------------------------------
---------------------------------------------------------------------------------
Start Final Netlist Cleanup
---------------------------------------------------------------------------------
---------------------------------------------------------------------------------
Finished Final Netlist Cleanup
---------------------------------------------------------------------------------
INFO: [Synth 8-3295] tying undriven pin dummy_inferred:in0 to constant 0
INFO: [Synth 8-3295] tying undriven pin inst:sl_iport0[36] to constant 0
INFO: [Synth 8-3295] tying undriven pin inst:sl_iport0[35] to constant 0
INFO: [Synth 8-3295] tying undriven pin inst:sl_iport0[34] to constant 0
INFO: [Synth 8-3295] tying undriven pin inst:sl_iport0[33] to constant 0
INFO: [Synth 8-3295] tying undriven pin inst:sl_iport0[32] to constant 0
INFO: [Synth 8-3295] tying undriven pin inst:sl_iport0[31] to constant 0
INFO: [Synth 8-3295] tying undriven pin inst:sl_iport0[30] to constant 0
INFO: [Synth 8-3295] tying undriven pin inst:sl_iport0[29] to constant 0
INFO: [Synth 8-3295] tying undriven pin inst:sl_iport0[28] to constant 0
INFO: [Synth 8-3295] tying undriven pin inst:sl_iport0[27] to constant 0
INFO: [Synth 8-3295] tying undriven pin inst:sl_iport0[26] to constant 0
INFO: [Synth 8-3295] tying undriven pin inst:sl_iport0[25] to constant 0
INFO: [Synth 8-3295] tying undriven pin inst:sl_iport0[24] to constant 0
INFO: [Synth 8-3295] tying undriven pin inst:sl_iport0[23] to constant 0
INFO: [Synth 8-3295] tying undriven pin inst:sl_iport0[22] to constant 0
INFO: [Synth 8-3295] tying undriven pin inst:sl_iport0[21] to constant 0
INFO: [Synth 8-3295] tying undriven pin inst:sl_iport0[20] to constant 0
INFO: [Synth 8-3295] tying undriven pin inst:sl_iport0[19] to constant 0
INFO: [Synth 8-3295] tying undriven pin inst:sl_iport0[18] to constant 0
INFO: [Synth 8-3295] tying undriven pin inst:sl_iport0[17] to constant 0
INFO: [Synth 8-3295] tying undriven pin inst:sl_iport0[16] to constant 0
INFO: [Synth 8-3295] tying undriven pin inst:sl_iport0[15] to constant 0
INFO: [Synth 8-3295] tying undriven pin inst:sl_iport0[14] to constant 0
INFO: [Synth 8-3295] tying undriven pin inst:sl_iport0[13] to constant 0
INFO: [Synth 8-3295] tying undriven pin inst:sl_iport0[12] to constant 0
INFO: [Synth 8-3295] tying undriven pin inst:sl_iport0[11] to constant 0
INFO: [Synth 8-3295] tying undriven pin inst:sl_iport0[10] to constant 0
INFO: [Synth 8-3295] tying undriven pin inst:sl_iport0[9] to constant 0
INFO: [Synth 8-3295] tying undriven pin inst:sl_iport0[8] to constant 0
INFO: [Synth 8-3295] tying undriven pin inst:sl_iport0[7] to constant 0
INFO: [Synth 8-3295] tying undriven pin inst:sl_iport0[6] to constant 0
INFO: [Synth 8-3295] tying undriven pin inst:sl_iport0[5] to constant 0
INFO: [Synth 8-3295] tying undriven pin inst:sl_iport0[4] to constant 0
INFO: [Synth 8-3295] tying undriven pin inst:sl_iport0[3] to constant 0
INFO: [Synth 8-3295] tying undriven pin inst:sl_iport0[2] to constant 0
INFO: [Synth 8-3295] tying undriven pin inst:sl_iport0[1] to constant 0
INFO: [Synth 8-3295] tying undriven pin inst:sl_iport0[0] to constant 0
INFO: [Synth 8-3295] tying undriven pin inst:trig_in to constant 0
INFO: [Synth 8-3295] tying undriven pin inst:trig_out_ack to constant 0
---------------------------------------------------------------------------------
Finished IO Insertion : Time (s): cpu = 00:00:50 ; elapsed = 00:00:54 . Memory (MB): peak = 2437.816 ; gain = 867.738 ; free physical = 494 ; free virtual = 5550
Synthesis current peak Physical Memory [PSS] (MB): peak = 1761.651; parent = 1551.709; children = 209.942
Synthesis current peak Virtual Memory [VSS] (MB): peak = 3400.531; parent = 2437.820; children = 962.711
---------------------------------------------------------------------------------
---------------------------------------------------------------------------------
Start Renaming Generated Instances
---------------------------------------------------------------------------------
---------------------------------------------------------------------------------
Finished Renaming Generated Instances : Time (s): cpu = 00:00:50 ; elapsed = 00:00:54 . Memory (MB): peak = 2437.816 ; gain = 867.738 ; free physical = 494 ; free virtual = 5549
Synthesis current peak Physical Memory [PSS] (MB): peak = 1761.651; parent = 1551.709; children = 209.942
Synthesis current peak Virtual Memory [VSS] (MB): peak = 3400.531; parent = 2437.820; children = 962.711
---------------------------------------------------------------------------------
---------------------------------------------------------------------------------
Start Rebuilding User Hierarchy
---------------------------------------------------------------------------------
---------------------------------------------------------------------------------
Finished Rebuilding User Hierarchy : Time (s): cpu = 00:00:50 ; elapsed = 00:00:54 . Memory (MB): peak = 2437.816 ; gain = 867.738 ; free physical = 494 ; free virtual = 5549
Synthesis current peak Physical Memory [PSS] (MB): peak = 1761.651; parent = 1551.709; children = 209.942
Synthesis current peak Virtual Memory [VSS] (MB): peak = 3400.531; parent = 2437.820; children = 962.711
---------------------------------------------------------------------------------
---------------------------------------------------------------------------------
Start Renaming Generated Ports
---------------------------------------------------------------------------------
---------------------------------------------------------------------------------
Finished Renaming Generated Ports : Time (s): cpu = 00:00:50 ; elapsed = 00:00:54 . Memory (MB): peak = 2437.816 ; gain = 867.738 ; free physical = 494 ; free virtual = 5549
Synthesis current peak Physical Memory [PSS] (MB): peak = 1761.651; parent = 1551.709; children = 209.942
Synthesis current peak Virtual Memory [VSS] (MB): peak = 3400.531; parent = 2437.820; children = 962.711
---------------------------------------------------------------------------------
---------------------------------------------------------------------------------
Start Handling Custom Attributes
---------------------------------------------------------------------------------
---------------------------------------------------------------------------------
Finished Handling Custom Attributes : Time (s): cpu = 00:00:50 ; elapsed = 00:00:54 . Memory (MB): peak = 2437.816 ; gain = 867.738 ; free physical = 493 ; free virtual = 5549
Synthesis current peak Physical Memory [PSS] (MB): peak = 1761.651; parent = 1551.709; children = 209.942
Synthesis current peak Virtual Memory [VSS] (MB): peak = 3400.531; parent = 2437.820; children = 962.711
---------------------------------------------------------------------------------
---------------------------------------------------------------------------------
Start Renaming Generated Nets
---------------------------------------------------------------------------------
---------------------------------------------------------------------------------
Finished Renaming Generated Nets : Time (s): cpu = 00:00:50 ; elapsed = 00:00:54 . Memory (MB): peak = 2437.816 ; gain = 867.738 ; free physical = 493 ; free virtual = 5549
Synthesis current peak Physical Memory [PSS] (MB): peak = 1761.651; parent = 1551.709; children = 209.942
Synthesis current peak Virtual Memory [VSS] (MB): peak = 3400.531; parent = 2437.820; children = 962.711
---------------------------------------------------------------------------------
---------------------------------------------------------------------------------
Start Writing Synthesis Report
---------------------------------------------------------------------------------

Report BlackBoxes: 
+-+--------------+----------+
| |BlackBox name |Instances |
+-+--------------+----------+
+-+--------------+----------+

Report Cell Usage: 
+------+---------+------+
|      |Cell     |Count |
+------+---------+------+
|1     |CARRY4   |    67|
|2     |CFGLUT5  |   208|
|3     |LUT1     |    44|
|4     |LUT2     |   324|
|5     |LUT3     |   136|
|6     |LUT4     |   208|
|7     |LUT5     |   167|
|8     |LUT6     |   746|
|9     |MUXF7    |    83|
|10    |MUXF8    |    26|
|11    |RAMB36E1 |     8|
|12    |SRL16E   |   283|
|13    |SRLC16E  |     2|
|14    |SRLC32E  |    17|
|15    |FDRE     |  2877|
|16    |FDSE     |    10|
+------+---------+------+
---------------------------------------------------------------------------------
Finished Writing Synthesis Report : Time (s): cpu = 00:00:50 ; elapsed = 00:00:54 . Memory (MB): peak = 2437.816 ; gain = 867.738 ; free physical = 493 ; free virtual = 5549
Synthesis current peak Physical Memory [PSS] (MB): peak = 1761.651; parent = 1551.709; children = 209.942
Synthesis current peak Virtual Memory [VSS] (MB): peak = 3400.531; parent = 2437.820; children = 962.711
---------------------------------------------------------------------------------
Synthesis finished with 0 errors, 0 critical warnings and 3884 warnings.
Synthesis Optimization Runtime : Time (s): cpu = 00:00:47 ; elapsed = 00:00:51 . Memory (MB): peak = 2437.816 ; gain = 796.074 ; free physical = 538 ; free virtual = 5593
Synthesis Optimization Complete : Time (s): cpu = 00:00:50 ; elapsed = 00:00:54 . Memory (MB): peak = 2437.824 ; gain = 867.738 ; free physical = 538 ; free virtual = 5593
INFO: [Project 1-571] Translating synthesized netlist
Netlist sorting complete. Time (s): cpu = 00:00:00.05 ; elapsed = 00:00:00.05 . Memory (MB): peak = 2437.824 ; gain = 0.000 ; free physical = 658 ; free virtual = 5714
INFO: [Netlist 29-17] Analyzing 392 Unisim elements for replacement
INFO: [Netlist 29-28] Unisim Transformation completed in 0 CPU seconds
INFO: [Project 1-570] Preparing netlist for logic optimization
INFO: [Opt 31-138] Pushed 0 inverter(s) to 0 load pin(s).
Netlist sorting complete. Time (s): cpu = 00:00:00 ; elapsed = 00:00:00 . Memory (MB): peak = 2461.828 ; gain = 0.000 ; free physical = 616 ; free virtual = 5671
INFO: [Project 1-111] Unisim Transformation Summary:
  A total of 208 instances were transformed.
  CFGLUT5 => CFGLUT5 (SRL16E, SRLC32E): 188 instances
  CFGLUT5 => SRLC32E: 20 instances

Synth Design complete, checksum: 3ab33e39
INFO: [Common 17-83] Releasing license: Synthesis
215 Infos, 119 Warnings, 0 Critical Warnings and 0 Errors encountered.
synth_design completed successfully
synth_design: Time (s): cpu = 00:00:56 ; elapsed = 00:00:58 . Memory (MB): peak = 2461.828 ; gain = 1139.969 ; free physical = 829 ; free virtual = 5884
INFO: [Common 17-1381] The checkpoint '/home/perinze/code/fpga/SEA/Examples/FPGA/4.Module-Interface/Mini-HDMI-Interface/HDMI_Demo/HDMI_Demo.runs/ila_0_synth_1/ila_0.dcp' has been generated.
INFO: [Coretcl 2-1648] Added synthesis output to IP cache for IP ila_0, cache-ID = ba67d26ce0c78834
INFO: [Coretcl 2-1174] Renamed 216 cell refs.
INFO: [Common 17-1381] The checkpoint '/home/perinze/code/fpga/SEA/Examples/FPGA/4.Module-Interface/Mini-HDMI-Interface/HDMI_Demo/HDMI_Demo.runs/ila_0_synth_1/ila_0.dcp' has been generated.
INFO: [runtcl-4] Executing : report_utilization -file ila_0_utilization_synth.rpt -pb ila_0_utilization_synth.pb
INFO: [Common 17-206] Exiting Vivado at Mon Feb 27 11:17:17 2023...
